
AVRASM ver. 2.1.30  D:\ELE_2018\CODE\11.30\CODE\Debug\List\11_30_slave.asm Fri Nov 30 13:57:24 2018

D:\ELE_2018\CODE\11.30\CODE\Debug\List\11_30_slave.asm(1097): warning: Register r5 already defined by the .DEF directive
D:\ELE_2018\CODE\11.30\CODE\Debug\List\11_30_slave.asm(1098): warning: Register r4 already defined by the .DEF directive
D:\ELE_2018\CODE\11.30\CODE\Debug\List\11_30_slave.asm(1099): warning: Register r7 already defined by the .DEF directive
D:\ELE_2018\CODE\11.30\CODE\Debug\List\11_30_slave.asm(1100): warning: Register r6 already defined by the .DEF directive
D:\ELE_2018\CODE\11.30\CODE\Debug\List\11_30_slave.asm(1101): warning: Register r9 already defined by the .DEF directive
D:\ELE_2018\CODE\11.30\CODE\Debug\List\11_30_slave.asm(1102): warning: Register r8 already defined by the .DEF directive
                 
                 
                 ;CodeVisionAVR C Compiler V3.32a Evaluation
                 ;(C) Copyright 1998-2017 Pavel Haiduc, HP InfoTech s.r.l.
                 ;http://www.hpinfotech.com
                 
                 ;Build configuration    : Debug
                 ;Chip type              : ATmega128
                 ;Program type           : Application
                 ;Clock frequency        : 16.000000 MHz
                 ;Memory model           : Small
                 ;Optimize for           : Size
                 ;(s)printf features     : int, width
                 ;(s)scanf features      : int, width
                 ;External RAM size      : 0
                 ;Data Stack size        : 1024 byte(s)
                 ;Heap size              : 0 byte(s)
                 ;Promote 'char' to 'int': Yes
                 ;'char' is unsigned     : Yes
                 ;8 bit enums            : Yes
                 ;Global 'const' stored in FLASH: No
                 ;Enhanced function parameter passing: Mode 2
                 ;Enhanced core instructions: On
                 ;Automatic register allocation for global variables: On
                 ;Smart register allocation: On
                 
                 	#define _MODEL_SMALL_
                 
                 	#pragma AVRPART ADMIN PART_NAME ATmega128
                 	#pragma AVRPART MEMORY PROG_FLASH 131072
                 	#pragma AVRPART MEMORY EEPROM 4096
                 	#pragma AVRPART MEMORY INT_SRAM SIZE 4096
                 	#pragma AVRPART MEMORY INT_SRAM START_ADDR 0x100
                 
                 	#define CALL_SUPPORTED 1
                 
                 	.LISTMAC
                 	.EQU UDRE=0x5
                 	.EQU RXC=0x7
                 	.EQU USR=0xB
                 	.EQU UDR=0xC
                 	.EQU SPSR=0xE
                 	.EQU SPDR=0xF
                 	.EQU EERE=0x0
                 	.EQU EEWE=0x1
                 	.EQU EEMWE=0x2
                 	.EQU EECR=0x1C
                 	.EQU EEDR=0x1D
                 	.EQU EEARL=0x1E
                 	.EQU EEARH=0x1F
                 	.EQU WDTCR=0x21
                 	.EQU MCUCR=0x35
                 	.EQU RAMPZ=0x3B
                 	.EQU SPL=0x3D
                 	.EQU SPH=0x3E
                 	.EQU SREG=0x3F
                 	.EQU XMCRA=0x6D
                 	.EQU XMCRB=0x6C
                 
                 	.DEF R0X0=R0
                 	.DEF R0X1=R1
                 	.DEF R0X2=R2
                 	.DEF R0X3=R3
                 	.DEF R0X4=R4
                 	.DEF R0X5=R5
                 	.DEF R0X6=R6
                 	.DEF R0X7=R7
                 	.DEF R0X8=R8
                 	.DEF R0X9=R9
                 	.DEF R0XA=R10
                 	.DEF R0XB=R11
                 	.DEF R0XC=R12
                 	.DEF R0XD=R13
                 	.DEF R0XE=R14
                 	.DEF R0XF=R15
                 	.DEF R0X10=R16
                 	.DEF R0X11=R17
                 	.DEF R0X12=R18
                 	.DEF R0X13=R19
                 	.DEF R0X14=R20
                 	.DEF R0X15=R21
                 	.DEF R0X16=R22
                 	.DEF R0X17=R23
                 	.DEF R0X18=R24
                 	.DEF R0X19=R25
                 	.DEF R0X1A=R26
                 	.DEF R0X1B=R27
                 	.DEF R0X1C=R28
                 	.DEF R0X1D=R29
                 	.DEF R0X1E=R30
                 	.DEF R0X1F=R31
                 
                 	.EQU __SRAM_START=0x0100
                 	.EQU __SRAM_END=0x10FF
                 	.EQU __DSTACK_SIZE=0x0400
                 	.EQU __HEAP_SIZE=0x0000
                 	.EQU __CLEAR_SRAM_SIZE=__SRAM_END-__SRAM_START+1
                 
                 	.MACRO __CPD1N
                 	CPI  R30,LOW(@0)
                 	LDI  R26,HIGH(@0)
                 	CPC  R31,R26
                 	LDI  R26,BYTE3(@0)
                 	CPC  R22,R26
                 	LDI  R26,BYTE4(@0)
                 	CPC  R23,R26
                 	.ENDM
                 
                 	.MACRO __CPD2N
                 	CPI  R26,LOW(@0)
                 	LDI  R30,HIGH(@0)
                 	CPC  R27,R30
                 	LDI  R30,BYTE3(@0)
                 	CPC  R24,R30
                 	LDI  R30,BYTE4(@0)
                 	CPC  R25,R30
                 	.ENDM
                 
                 	.MACRO __CPWRR
                 	CP   R@0,R@2
                 	CPC  R@1,R@3
                 	.ENDM
                 
                 	.MACRO __CPWRN
                 	CPI  R@0,LOW(@2)
                 	LDI  R30,HIGH(@2)
                 	CPC  R@1,R30
                 	.ENDM
                 
                 	.MACRO __ADDB1MN
                 	SUBI R30,LOW(-@0-(@1))
                 	.ENDM
                 
                 	.MACRO __ADDB2MN
                 	SUBI R26,LOW(-@0-(@1))
                 	.ENDM
                 
                 	.MACRO __ADDW1MN
                 	SUBI R30,LOW(-@0-(@1))
                 	SBCI R31,HIGH(-@0-(@1))
                 	.ENDM
                 
                 	.MACRO __ADDW2MN
                 	SUBI R26,LOW(-@0-(@1))
                 	SBCI R27,HIGH(-@0-(@1))
                 	.ENDM
                 
                 	.MACRO __ADDW1FN
                 	SUBI R30,LOW(-2*@0-(@1))
                 	SBCI R31,HIGH(-2*@0-(@1))
                 	.ENDM
                 
                 	.MACRO __ADDD1FN
                 	SUBI R30,LOW(-2*@0-(@1))
                 	SBCI R31,HIGH(-2*@0-(@1))
                 	SBCI R22,BYTE3(-2*@0-(@1))
                 	.ENDM
                 
                 	.MACRO __ADDD1N
                 	SUBI R30,LOW(-@0)
                 	SBCI R31,HIGH(-@0)
                 	SBCI R22,BYTE3(-@0)
                 	SBCI R23,BYTE4(-@0)
                 	.ENDM
                 
                 	.MACRO __ADDD2N
                 	SUBI R26,LOW(-@0)
                 	SBCI R27,HIGH(-@0)
                 	SBCI R24,BYTE3(-@0)
                 	SBCI R25,BYTE4(-@0)
                 	.ENDM
                 
                 	.MACRO __SUBD1N
                 	SUBI R30,LOW(@0)
                 	SBCI R31,HIGH(@0)
                 	SBCI R22,BYTE3(@0)
                 	SBCI R23,BYTE4(@0)
                 	.ENDM
                 
                 	.MACRO __SUBD2N
                 	SUBI R26,LOW(@0)
                 	SBCI R27,HIGH(@0)
                 	SBCI R24,BYTE3(@0)
                 	SBCI R25,BYTE4(@0)
                 	.ENDM
                 
                 	.MACRO __ANDBMNN
                 	LDS  R30,@0+(@1)
                 	ANDI R30,LOW(@2)
                 	STS  @0+(@1),R30
                 	.ENDM
                 
                 	.MACRO __ANDWMNN
                 	LDS  R30,@0+(@1)
                 	ANDI R30,LOW(@2)
                 	STS  @0+(@1),R30
                 	LDS  R30,@0+(@1)+1
                 	ANDI R30,HIGH(@2)
                 	STS  @0+(@1)+1,R30
                 	.ENDM
                 
                 	.MACRO __ANDD1N
                 	ANDI R30,LOW(@0)
                 	ANDI R31,HIGH(@0)
                 	ANDI R22,BYTE3(@0)
                 	ANDI R23,BYTE4(@0)
                 	.ENDM
                 
                 	.MACRO __ANDD2N
                 	ANDI R26,LOW(@0)
                 	ANDI R27,HIGH(@0)
                 	ANDI R24,BYTE3(@0)
                 	ANDI R25,BYTE4(@0)
                 	.ENDM
                 
                 	.MACRO __ORBMNN
                 	LDS  R30,@0+(@1)
                 	ORI  R30,LOW(@2)
                 	STS  @0+(@1),R30
                 	.ENDM
                 
                 	.MACRO __ORWMNN
                 	LDS  R30,@0+(@1)
                 	ORI  R30,LOW(@2)
                 	STS  @0+(@1),R30
                 	LDS  R30,@0+(@1)+1
                 	ORI  R30,HIGH(@2)
                 	STS  @0+(@1)+1,R30
                 	.ENDM
                 
                 	.MACRO __ORD1N
                 	ORI  R30,LOW(@0)
                 	ORI  R31,HIGH(@0)
                 	ORI  R22,BYTE3(@0)
                 	ORI  R23,BYTE4(@0)
                 	.ENDM
                 
                 	.MACRO __ORD2N
                 	ORI  R26,LOW(@0)
                 	ORI  R27,HIGH(@0)
                 	ORI  R24,BYTE3(@0)
                 	ORI  R25,BYTE4(@0)
                 	.ENDM
                 
                 	.MACRO __DELAY_USB
                 	LDI  R24,LOW(@0)
                 __DELAY_USB_LOOP:
                 	DEC  R24
                 	BRNE __DELAY_USB_LOOP
                 	.ENDM
                 
                 	.MACRO __DELAY_USW
                 	LDI  R24,LOW(@0)
                 	LDI  R25,HIGH(@0)
                 __DELAY_USW_LOOP:
                 	SBIW R24,1
                 	BRNE __DELAY_USW_LOOP
                 	.ENDM
                 
                 	.MACRO __GETD1S
                 	LDD  R30,Y+@0
                 	LDD  R31,Y+@0+1
                 	LDD  R22,Y+@0+2
                 	LDD  R23,Y+@0+3
                 	.ENDM
                 
                 	.MACRO __GETD2S
                 	LDD  R26,Y+@0
                 	LDD  R27,Y+@0+1
                 	LDD  R24,Y+@0+2
                 	LDD  R25,Y+@0+3
                 	.ENDM
                 
                 	.MACRO __PUTD1S
                 	STD  Y+@0,R30
                 	STD  Y+@0+1,R31
                 	STD  Y+@0+2,R22
                 	STD  Y+@0+3,R23
                 	.ENDM
                 
                 	.MACRO __PUTD2S
                 	STD  Y+@0,R26
                 	STD  Y+@0+1,R27
                 	STD  Y+@0+2,R24
                 	STD  Y+@0+3,R25
                 	.ENDM
                 
                 	.MACRO __PUTDZ2
                 	STD  Z+@0,R26
                 	STD  Z+@0+1,R27
                 	STD  Z+@0+2,R24
                 	STD  Z+@0+3,R25
                 	.ENDM
                 
                 	.MACRO __CLRD1S
                 	STD  Y+@0,R30
                 	STD  Y+@0+1,R30
                 	STD  Y+@0+2,R30
                 	STD  Y+@0+3,R30
                 	.ENDM
                 
                 	.MACRO __POINTB1MN
                 	LDI  R30,LOW(@0+(@1))
                 	.ENDM
                 
                 	.MACRO __POINTW1MN
                 	LDI  R30,LOW(@0+(@1))
                 	LDI  R31,HIGH(@0+(@1))
                 	.ENDM
                 
                 	.MACRO __POINTD1M
                 	LDI  R30,LOW(@0)
                 	LDI  R31,HIGH(@0)
                 	LDI  R22,BYTE3(@0)
                 	LDI  R23,BYTE4(@0)
                 	.ENDM
                 
                 	.MACRO __POINTW1FN
                 	LDI  R30,LOW(2*@0+(@1))
                 	LDI  R31,HIGH(2*@0+(@1))
                 	.ENDM
                 
                 	.MACRO __POINTD1FN
                 	LDI  R30,LOW(2*@0+(@1))
                 	LDI  R31,HIGH(2*@0+(@1))
                 	LDI  R22,BYTE3(2*@0+(@1))
                 	LDI  R23,BYTE4(2*@0+(@1))
                 	.ENDM
                 
                 	.MACRO __POINTB2MN
                 	LDI  R26,LOW(@0+(@1))
                 	.ENDM
                 
                 	.MACRO __POINTW2MN
                 	LDI  R26,LOW(@0+(@1))
                 	LDI  R27,HIGH(@0+(@1))
                 	.ENDM
                 
                 	.MACRO __POINTD2M
                 	LDI  R26,LOW(@0)
                 	LDI  R27,HIGH(@0)
                 	LDI  R24,BYTE3(@0)
                 	LDI  R25,BYTE4(@0)
                 	.ENDM
                 
                 	.MACRO __POINTW2FN
                 	LDI  R26,LOW(2*@0+(@1))
                 	LDI  R27,HIGH(2*@0+(@1))
                 	.ENDM
                 
                 	.MACRO __POINTD2FN
                 	LDI  R26,LOW(2*@0+(@1))
                 	LDI  R27,HIGH(2*@0+(@1))
                 	LDI  R24,BYTE3(2*@0+(@1))
                 	LDI  R25,BYTE4(2*@0+(@1))
                 	.ENDM
                 
                 	.MACRO __POINTBRM
                 	LDI  R@0,LOW(@1)
                 	.ENDM
                 
                 	.MACRO __POINTWRM
                 	LDI  R@0,LOW(@2)
                 	LDI  R@1,HIGH(@2)
                 	.ENDM
                 
                 	.MACRO __POINTBRMN
                 	LDI  R@0,LOW(@1+(@2))
                 	.ENDM
                 
                 	.MACRO __POINTWRMN
                 	LDI  R@0,LOW(@2+(@3))
                 	LDI  R@1,HIGH(@2+(@3))
                 	.ENDM
                 
                 	.MACRO __POINTWRFN
                 	LDI  R@0,LOW(@2*2+(@3))
                 	LDI  R@1,HIGH(@2*2+(@3))
                 	.ENDM
                 
                 	.MACRO __GETD1N
                 	LDI  R30,LOW(@0)
                 	LDI  R31,HIGH(@0)
                 	LDI  R22,BYTE3(@0)
                 	LDI  R23,BYTE4(@0)
                 	.ENDM
                 
                 	.MACRO __GETD2N
                 	LDI  R26,LOW(@0)
                 	LDI  R27,HIGH(@0)
                 	LDI  R24,BYTE3(@0)
                 	LDI  R25,BYTE4(@0)
                 	.ENDM
                 
                 	.MACRO __GETB1MN
                 	LDS  R30,@0+(@1)
                 	.ENDM
                 
                 	.MACRO __GETB1HMN
                 	LDS  R31,@0+(@1)
                 	.ENDM
                 
                 	.MACRO __GETW1MN
                 	LDS  R30,@0+(@1)
                 	LDS  R31,@0+(@1)+1
                 	.ENDM
                 
                 	.MACRO __GETD1MN
                 	LDS  R30,@0+(@1)
                 	LDS  R31,@0+(@1)+1
                 	LDS  R22,@0+(@1)+2
                 	LDS  R23,@0+(@1)+3
                 	.ENDM
                 
                 	.MACRO __GETBRMN
                 	LDS  R@0,@1+(@2)
                 	.ENDM
                 
                 	.MACRO __GETWRMN
                 	LDS  R@0,@2+(@3)
                 	LDS  R@1,@2+(@3)+1
                 	.ENDM
                 
                 	.MACRO __GETWRZ
                 	LDD  R@0,Z+@2
                 	LDD  R@1,Z+@2+1
                 	.ENDM
                 
                 	.MACRO __GETD2Z
                 	LDD  R26,Z+@0
                 	LDD  R27,Z+@0+1
                 	LDD  R24,Z+@0+2
                 	LDD  R25,Z+@0+3
                 	.ENDM
                 
                 	.MACRO __GETB2MN
                 	LDS  R26,@0+(@1)
                 	.ENDM
                 
                 	.MACRO __GETW2MN
                 	LDS  R26,@0+(@1)
                 	LDS  R27,@0+(@1)+1
                 	.ENDM
                 
                 	.MACRO __GETD2MN
                 	LDS  R26,@0+(@1)
                 	LDS  R27,@0+(@1)+1
                 	LDS  R24,@0+(@1)+2
                 	LDS  R25,@0+(@1)+3
                 	.ENDM
                 
                 	.MACRO __PUTB1MN
                 	STS  @0+(@1),R30
                 	.ENDM
                 
                 	.MACRO __PUTW1MN
                 	STS  @0+(@1),R30
                 	STS  @0+(@1)+1,R31
                 	.ENDM
                 
                 	.MACRO __PUTD1MN
                 	STS  @0+(@1),R30
                 	STS  @0+(@1)+1,R31
                 	STS  @0+(@1)+2,R22
                 	STS  @0+(@1)+3,R23
                 	.ENDM
                 
                 	.MACRO __PUTB1EN
                 	LDI  R26,LOW(@0+(@1))
                 	LDI  R27,HIGH(@0+(@1))
                 	CALL __EEPROMWRB
                 	.ENDM
                 
                 	.MACRO __PUTW1EN
                 	LDI  R26,LOW(@0+(@1))
                 	LDI  R27,HIGH(@0+(@1))
                 	CALL __EEPROMWRW
                 	.ENDM
                 
                 	.MACRO __PUTD1EN
                 	LDI  R26,LOW(@0+(@1))
                 	LDI  R27,HIGH(@0+(@1))
                 	CALL __EEPROMWRD
                 	.ENDM
                 
                 	.MACRO __PUTBR0MN
                 	STS  @0+(@1),R0
                 	.ENDM
                 
                 	.MACRO __PUTBMRN
                 	STS  @0+(@1),R@2
                 	.ENDM
                 
                 	.MACRO __PUTWMRN
                 	STS  @0+(@1),R@2
                 	STS  @0+(@1)+1,R@3
                 	.ENDM
                 
                 	.MACRO __PUTBZR
                 	STD  Z+@1,R@0
                 	.ENDM
                 
                 	.MACRO __PUTWZR
                 	STD  Z+@2,R@0
                 	STD  Z+@2+1,R@1
                 	.ENDM
                 
                 	.MACRO __GETW1R
                 	MOV  R30,R@0
                 	MOV  R31,R@1
                 	.ENDM
                 
                 	.MACRO __GETW2R
                 	MOV  R26,R@0
                 	MOV  R27,R@1
                 	.ENDM
                 
                 	.MACRO __GETWRN
                 	LDI  R@0,LOW(@2)
                 	LDI  R@1,HIGH(@2)
                 	.ENDM
                 
                 	.MACRO __PUTW1R
                 	MOV  R@0,R30
                 	MOV  R@1,R31
                 	.ENDM
                 
                 	.MACRO __PUTW2R
                 	MOV  R@0,R26
                 	MOV  R@1,R27
                 	.ENDM
                 
                 	.MACRO __ADDWRN
                 	SUBI R@0,LOW(-@2)
                 	SBCI R@1,HIGH(-@2)
                 	.ENDM
                 
                 	.MACRO __ADDWRR
                 	ADD  R@0,R@2
                 	ADC  R@1,R@3
                 	.ENDM
                 
                 	.MACRO __SUBWRN
                 	SUBI R@0,LOW(@2)
                 	SBCI R@1,HIGH(@2)
                 	.ENDM
                 
                 	.MACRO __SUBWRR
                 	SUB  R@0,R@2
                 	SBC  R@1,R@3
                 	.ENDM
                 
                 	.MACRO __ANDWRN
                 	ANDI R@0,LOW(@2)
                 	ANDI R@1,HIGH(@2)
                 	.ENDM
                 
                 	.MACRO __ANDWRR
                 	AND  R@0,R@2
                 	AND  R@1,R@3
                 	.ENDM
                 
                 	.MACRO __ORWRN
                 	ORI  R@0,LOW(@2)
                 	ORI  R@1,HIGH(@2)
                 	.ENDM
                 
                 	.MACRO __ORWRR
                 	OR   R@0,R@2
                 	OR   R@1,R@3
                 	.ENDM
                 
                 	.MACRO __EORWRR
                 	EOR  R@0,R@2
                 	EOR  R@1,R@3
                 	.ENDM
                 
                 	.MACRO __GETWRS
                 	LDD  R@0,Y+@2
                 	LDD  R@1,Y+@2+1
                 	.ENDM
                 
                 	.MACRO __PUTBSR
                 	STD  Y+@1,R@0
                 	.ENDM
                 
                 	.MACRO __PUTWSR
                 	STD  Y+@2,R@0
                 	STD  Y+@2+1,R@1
                 	.ENDM
                 
                 	.MACRO __MOVEWRR
                 	MOV  R@0,R@2
                 	MOV  R@1,R@3
                 	.ENDM
                 
                 	.MACRO __INWR
                 	IN   R@0,@2
                 	IN   R@1,@2+1
                 	.ENDM
                 
                 	.MACRO __OUTWR
                 	OUT  @2+1,R@1
                 	OUT  @2,R@0
                 	.ENDM
                 
                 	.MACRO __CALL1MN
                 	LDS  R30,@0+(@1)
                 	LDS  R31,@0+(@1)+1
                 	ICALL
                 	.ENDM
                 
                 	.MACRO __CALL1FN
                 	LDI  R30,LOW(2*@0+(@1))
                 	LDI  R31,HIGH(2*@0+(@1))
                 	CALL __GETW1PF
                 	ICALL
                 	.ENDM
                 
                 	.MACRO __CALL2EN
                 	PUSH R26
                 	PUSH R27
                 	LDI  R26,LOW(@0+(@1))
                 	LDI  R27,HIGH(@0+(@1))
                 	CALL __EEPROMRDW
                 	POP  R27
                 	POP  R26
                 	ICALL
                 	.ENDM
                 
                 	.MACRO __CALL2EX
                 	SUBI R26,LOW(-@0)
                 	SBCI R27,HIGH(-@0)
                 	CALL __EEPROMRDD
                 	ICALL
                 	.ENDM
                 
                 	.MACRO __GETW1STACK
                 	IN   R30,SPL
                 	IN   R31,SPH
                 	ADIW R30,@0+1
                 	LD   R0,Z+
                 	LD   R31,Z
                 	MOV  R30,R0
                 	.ENDM
                 
                 	.MACRO __GETD1STACK
                 	IN   R30,SPL
                 	IN   R31,SPH
                 	ADIW R30,@0+1
                 	LD   R0,Z+
                 	LD   R1,Z+
                 	LD   R22,Z
                 	MOVW R30,R0
                 	.ENDM
                 
                 	.MACRO __NBST
                 	BST  R@0,@1
                 	IN   R30,SREG
                 	LDI  R31,0x40
                 	EOR  R30,R31
                 	OUT  SREG,R30
                 	.ENDM
                 
                 
                 	.MACRO __PUTB1SN
                 	LDD  R26,Y+@0
                 	LDD  R27,Y+@0+1
                 	SUBI R26,LOW(-@1)
                 	SBCI R27,HIGH(-@1)
                 	ST   X,R30
                 	.ENDM
                 
                 	.MACRO __PUTW1SN
                 	LDD  R26,Y+@0
                 	LDD  R27,Y+@0+1
                 	SUBI R26,LOW(-@1)
                 	SBCI R27,HIGH(-@1)
                 	ST   X+,R30
                 	ST   X,R31
                 	.ENDM
                 
                 	.MACRO __PUTD1SN
                 	LDD  R26,Y+@0
                 	LDD  R27,Y+@0+1
                 	SUBI R26,LOW(-@1)
                 	SBCI R27,HIGH(-@1)
                 	CALL __PUTDP1
                 	.ENDM
                 
                 	.MACRO __PUTB1SNS
                 	LDD  R26,Y+@0
                 	LDD  R27,Y+@0+1
                 	ADIW R26,@1
                 	ST   X,R30
                 	.ENDM
                 
                 	.MACRO __PUTW1SNS
                 	LDD  R26,Y+@0
                 	LDD  R27,Y+@0+1
                 	ADIW R26,@1
                 	ST   X+,R30
                 	ST   X,R31
                 	.ENDM
                 
                 	.MACRO __PUTD1SNS
                 	LDD  R26,Y+@0
                 	LDD  R27,Y+@0+1
                 	ADIW R26,@1
                 	CALL __PUTDP1
                 	.ENDM
                 
                 	.MACRO __PUTB1PMN
                 	LDS  R26,@0
                 	LDS  R27,@0+1
                 	SUBI R26,LOW(-@1)
                 	SBCI R27,HIGH(-@1)
                 	ST   X,R30
                 	.ENDM
                 
                 	.MACRO __PUTW1PMN
                 	LDS  R26,@0
                 	LDS  R27,@0+1
                 	SUBI R26,LOW(-@1)
                 	SBCI R27,HIGH(-@1)
                 	ST   X+,R30
                 	ST   X,R31
                 	.ENDM
                 
                 	.MACRO __PUTD1PMN
                 	LDS  R26,@0
                 	LDS  R27,@0+1
                 	SUBI R26,LOW(-@1)
                 	SBCI R27,HIGH(-@1)
                 	CALL __PUTDP1
                 	.ENDM
                 
                 	.MACRO __PUTB1PMNS
                 	LDS  R26,@0
                 	LDS  R27,@0+1
                 	ADIW R26,@1
                 	ST   X,R30
                 	.ENDM
                 
                 	.MACRO __PUTW1PMNS
                 	LDS  R26,@0
                 	LDS  R27,@0+1
                 	ADIW R26,@1
                 	ST   X+,R30
                 	ST   X,R31
                 	.ENDM
                 
                 	.MACRO __PUTD1PMNS
                 	LDS  R26,@0
                 	LDS  R27,@0+1
                 	ADIW R26,@1
                 	CALL __PUTDP1
                 	.ENDM
                 
                 	.MACRO __PUTB1RN
                 	MOVW R26,R@0
                 	SUBI R26,LOW(-@1)
                 	SBCI R27,HIGH(-@1)
                 	ST   X,R30
                 	.ENDM
                 
                 	.MACRO __PUTW1RN
                 	MOVW R26,R@0
                 	SUBI R26,LOW(-@1)
                 	SBCI R27,HIGH(-@1)
                 	ST   X+,R30
                 	ST   X,R31
                 	.ENDM
                 
                 	.MACRO __PUTD1RN
                 	MOVW R26,R@0
                 	SUBI R26,LOW(-@1)
                 	SBCI R27,HIGH(-@1)
                 	CALL __PUTDP1
                 	.ENDM
                 
                 	.MACRO __PUTB1RNS
                 	MOVW R26,R@0
                 	ADIW R26,@1
                 	ST   X,R30
                 	.ENDM
                 
                 	.MACRO __PUTW1RNS
                 	MOVW R26,R@0
                 	ADIW R26,@1
                 	ST   X+,R30
                 	ST   X,R31
                 	.ENDM
                 
                 	.MACRO __PUTD1RNS
                 	MOVW R26,R@0
                 	ADIW R26,@1
                 	CALL __PUTDP1
                 	.ENDM
                 
                 	.MACRO __PUTB1RON
                 	MOV  R26,R@0
                 	MOV  R27,R@1
                 	SUBI R26,LOW(-@2)
                 	SBCI R27,HIGH(-@2)
                 	ST   X,R30
                 	.ENDM
                 
                 	.MACRO __PUTW1RON
                 	MOV  R26,R@0
                 	MOV  R27,R@1
                 	SUBI R26,LOW(-@2)
                 	SBCI R27,HIGH(-@2)
                 	ST   X+,R30
                 	ST   X,R31
                 	.ENDM
                 
                 	.MACRO __PUTD1RON
                 	MOV  R26,R@0
                 	MOV  R27,R@1
                 	SUBI R26,LOW(-@2)
                 	SBCI R27,HIGH(-@2)
                 	CALL __PUTDP1
                 	.ENDM
                 
                 	.MACRO __PUTB1RONS
                 	MOV  R26,R@0
                 	MOV  R27,R@1
                 	ADIW R26,@2
                 	ST   X,R30
                 	.ENDM
                 
                 	.MACRO __PUTW1RONS
                 	MOV  R26,R@0
                 	MOV  R27,R@1
                 	ADIW R26,@2
                 	ST   X+,R30
                 	ST   X,R31
                 	.ENDM
                 
                 	.MACRO __PUTD1RONS
                 	MOV  R26,R@0
                 	MOV  R27,R@1
                 	ADIW R26,@2
                 	CALL __PUTDP1
                 	.ENDM
                 
                 
                 	.MACRO __GETB1SX
                 	MOVW R30,R28
                 	SUBI R30,LOW(-@0)
                 	SBCI R31,HIGH(-@0)
                 	LD   R30,Z
                 	.ENDM
                 
                 	.MACRO __GETB1HSX
                 	MOVW R30,R28
                 	SUBI R30,LOW(-@0)
                 	SBCI R31,HIGH(-@0)
                 	LD   R31,Z
                 	.ENDM
                 
                 	.MACRO __GETW1SX
                 	MOVW R30,R28
                 	SUBI R30,LOW(-@0)
                 	SBCI R31,HIGH(-@0)
                 	LD   R0,Z+
                 	LD   R31,Z
                 	MOV  R30,R0
                 	.ENDM
                 
                 	.MACRO __GETD1SX
                 	MOVW R30,R28
                 	SUBI R30,LOW(-@0)
                 	SBCI R31,HIGH(-@0)
                 	LD   R0,Z+
                 	LD   R1,Z+
                 	LD   R22,Z+
                 	LD   R23,Z
                 	MOVW R30,R0
                 	.ENDM
                 
                 	.MACRO __GETB2SX
                 	MOVW R26,R28
                 	SUBI R26,LOW(-@0)
                 	SBCI R27,HIGH(-@0)
                 	LD   R26,X
                 	.ENDM
                 
                 	.MACRO __GETW2SX
                 	MOVW R26,R28
                 	SUBI R26,LOW(-@0)
                 	SBCI R27,HIGH(-@0)
                 	LD   R0,X+
                 	LD   R27,X
                 	MOV  R26,R0
                 	.ENDM
                 
                 	.MACRO __GETD2SX
                 	MOVW R26,R28
                 	SUBI R26,LOW(-@0)
                 	SBCI R27,HIGH(-@0)
                 	LD   R0,X+
                 	LD   R1,X+
                 	LD   R24,X+
                 	LD   R25,X
                 	MOVW R26,R0
                 	.ENDM
                 
                 	.MACRO __GETBRSX
                 	MOVW R30,R28
                 	SUBI R30,LOW(-@1)
                 	SBCI R31,HIGH(-@1)
                 	LD   R@0,Z
                 	.ENDM
                 
                 	.MACRO __GETWRSX
                 	MOVW R30,R28
                 	SUBI R30,LOW(-@2)
                 	SBCI R31,HIGH(-@2)
                 	LD   R@0,Z+
                 	LD   R@1,Z
                 	.ENDM
                 
                 	.MACRO __GETBRSX2
                 	MOVW R26,R28
                 	SUBI R26,LOW(-@1)
                 	SBCI R27,HIGH(-@1)
                 	LD   R@0,X
                 	.ENDM
                 
                 	.MACRO __GETWRSX2
                 	MOVW R26,R28
                 	SUBI R26,LOW(-@2)
                 	SBCI R27,HIGH(-@2)
                 	LD   R@0,X+
                 	LD   R@1,X
                 	.ENDM
                 
                 	.MACRO __LSLW8SX
                 	MOVW R30,R28
                 	SUBI R30,LOW(-@0)
                 	SBCI R31,HIGH(-@0)
                 	LD   R31,Z
                 	CLR  R30
                 	.ENDM
                 
                 	.MACRO __PUTB1SX
                 	MOVW R26,R28
                 	SUBI R26,LOW(-@0)
                 	SBCI R27,HIGH(-@0)
                 	ST   X,R30
                 	.ENDM
                 
                 	.MACRO __PUTW1SX
                 	MOVW R26,R28
                 	SUBI R26,LOW(-@0)
                 	SBCI R27,HIGH(-@0)
                 	ST   X+,R30
                 	ST   X,R31
                 	.ENDM
                 
                 	.MACRO __PUTD1SX
                 	MOVW R26,R28
                 	SUBI R26,LOW(-@0)
                 	SBCI R27,HIGH(-@0)
                 	ST   X+,R30
                 	ST   X+,R31
                 	ST   X+,R22
                 	ST   X,R23
                 	.ENDM
                 
                 	.MACRO __CLRW1SX
                 	MOVW R26,R28
                 	SUBI R26,LOW(-@0)
                 	SBCI R27,HIGH(-@0)
                 	ST   X+,R30
                 	ST   X,R30
                 	.ENDM
                 
                 	.MACRO __CLRD1SX
                 	MOVW R26,R28
                 	SUBI R26,LOW(-@0)
                 	SBCI R27,HIGH(-@0)
                 	ST   X+,R30
                 	ST   X+,R30
                 	ST   X+,R30
                 	ST   X,R30
                 	.ENDM
                 
                 	.MACRO __PUTB2SX
                 	MOVW R30,R28
                 	SUBI R30,LOW(-@0)
                 	SBCI R31,HIGH(-@0)
                 	ST   Z,R26
                 	.ENDM
                 
                 	.MACRO __PUTW2SX
                 	MOVW R30,R28
                 	SUBI R30,LOW(-@0)
                 	SBCI R31,HIGH(-@0)
                 	ST   Z+,R26
                 	ST   Z,R27
                 	.ENDM
                 
                 	.MACRO __PUTD2SX
                 	MOVW R30,R28
                 	SUBI R30,LOW(-@0)
                 	SBCI R31,HIGH(-@0)
                 	ST   Z+,R26
                 	ST   Z+,R27
                 	ST   Z+,R24
                 	ST   Z,R25
                 	.ENDM
                 
                 	.MACRO __PUTBSRX
                 	MOVW R30,R28
                 	SUBI R30,LOW(-@1)
                 	SBCI R31,HIGH(-@1)
                 	ST   Z,R@0
                 	.ENDM
                 
                 	.MACRO __PUTWSRX
                 	MOVW R30,R28
                 	SUBI R30,LOW(-@2)
                 	SBCI R31,HIGH(-@2)
                 	ST   Z+,R@0
                 	ST   Z,R@1
                 	.ENDM
                 
                 	.MACRO __PUTB1SNX
                 	MOVW R26,R28
                 	SUBI R26,LOW(-@0)
                 	SBCI R27,HIGH(-@0)
                 	LD   R0,X+
                 	LD   R27,X
                 	MOV  R26,R0
                 	SUBI R26,LOW(-@1)
                 	SBCI R27,HIGH(-@1)
                 	ST   X,R30
                 	.ENDM
                 
                 	.MACRO __PUTW1SNX
                 	MOVW R26,R28
                 	SUBI R26,LOW(-@0)
                 	SBCI R27,HIGH(-@0)
                 	LD   R0,X+
                 	LD   R27,X
                 	MOV  R26,R0
                 	SUBI R26,LOW(-@1)
                 	SBCI R27,HIGH(-@1)
                 	ST   X+,R30
                 	ST   X,R31
                 	.ENDM
                 
                 	.MACRO __PUTD1SNX
                 	MOVW R26,R28
                 	SUBI R26,LOW(-@0)
                 	SBCI R27,HIGH(-@0)
                 	LD   R0,X+
                 	LD   R27,X
                 	MOV  R26,R0
                 	SUBI R26,LOW(-@1)
                 	SBCI R27,HIGH(-@1)
                 	ST   X+,R30
                 	ST   X+,R31
                 	ST   X+,R22
                 	ST   X,R23
                 	.ENDM
                 
                 	.MACRO __MULBRR
                 	MULS R@0,R@1
                 	MOVW R30,R0
                 	.ENDM
                 
                 	.MACRO __MULBRRU
                 	MUL  R@0,R@1
                 	MOVW R30,R0
                 	.ENDM
                 
                 	.MACRO __MULBRR0
                 	MULS R@0,R@1
                 	.ENDM
                 
                 	.MACRO __MULBRRU0
                 	MUL  R@0,R@1
                 	.ENDM
                 
                 	.MACRO __MULBNWRU
                 	LDI  R26,@2
                 	MUL  R26,R@0
                 	MOVW R30,R0
                 	MUL  R26,R@1
                 	ADD  R31,R0
                 	.ENDM
                 
                 ;NAME DEFINITIONS FOR GLOBAL VARIABLES ALLOCATED TO REGISTERS
                 	.DEF _data=R5
                 	.DEF _b=R4
                 	.DEF _c=R7
                 	.DEF __lcd_x=R6
                 	.DEF __lcd_y=R9
                 	.DEF __lcd_maxx=R8
                 
                 	.CSEG
                 	.ORG 0x00
                 
                 ;START OF CODE MARKER
                 __START_OF_CODE:
                 
                 ;INTERRUPT VECTORS
000000 940c 0054 	JMP  __RESET
000002 940c 0000 	JMP  0x00
000004 940c 0000 	JMP  0x00
000006 940c 0000 	JMP  0x00
000008 940c 0000 	JMP  0x00
00000a 940c 0000 	JMP  0x00
00000c 940c 0000 	JMP  0x00
00000e 940c 0000 	JMP  0x00
000010 940c 0000 	JMP  0x00
000012 940c 0000 	JMP  0x00
000014 940c 0000 	JMP  0x00
000016 940c 0000 	JMP  0x00
000018 940c 0000 	JMP  0x00
00001a 940c 0000 	JMP  0x00
00001c 940c 0000 	JMP  0x00
00001e 940c 0000 	JMP  0x00
000020 940c 0000 	JMP  0x00
000022 940c 0000 	JMP  0x00
000024 940c 0000 	JMP  0x00
000026 940c 0000 	JMP  0x00
000028 940c 0000 	JMP  0x00
00002a 940c 0000 	JMP  0x00
00002c 940c 0000 	JMP  0x00
00002e 940c 0000 	JMP  0x00
000030 940c 0000 	JMP  0x00
000032 940c 0000 	JMP  0x00
000034 940c 0000 	JMP  0x00
000036 940c 0000 	JMP  0x00
000038 940c 0000 	JMP  0x00
00003a 940c 0000 	JMP  0x00
00003c 940c 0000 	JMP  0x00
00003e 940c 0000 	JMP  0x00
000040 940c 0000 	JMP  0x00
000042 940c 0000 	JMP  0x00
000044 940c 0000 	JMP  0x00
                 
                 _tbl10_G102:
000046 2710
000047 03e8
000048 0064
000049 000a      	.DB  0x10,0x27,0xE8,0x3,0x64,0x0,0xA,0x0
00004a 0001      	.DB  0x1,0x0
                 _tbl16_G102:
00004b 1000
00004c 0100
00004d 0010
00004e 0001      	.DB  0x0,0x10,0x0,0x1,0x10,0x0,0x1,0x0
                 
                 _0x2020003:
00004f c080      	.DB  0x80,0xC0
                 
                 __GLOBAL_INI_TBL:
000050 0002      	.DW  0x02
000051 0500      	.DW  __base_y_G101
000052 009e      	.DW  _0x2020003*2
                 
                 _0xFFFFFFFF:
000053 0000      	.DW  0
                 
                 #define __GLOBAL_INI_TBL_PRESENT 1
                 
                 __RESET:
000054 94f8      	CLI
000055 27ee      	CLR  R30
000056 bbec      	OUT  EECR,R30
                 
                 ;INTERRUPT VECTORS ARE PLACED
                 ;AT THE START OF FLASH
000057 e0f1      	LDI  R31,1
000058 bff5      	OUT  MCUCR,R31
000059 bfe5      	OUT  MCUCR,R30
00005a 93e0 006c 	STS  XMCRB,R30
                 
                 ;CLEAR R2-R14
00005c e08d      	LDI  R24,(14-2)+1
00005d e0a2      	LDI  R26,2
00005e 27bb      	CLR  R27
                 __CLEAR_REG:
00005f 93ed      	ST   X+,R30
000060 958a      	DEC  R24
000061 f7e9      	BRNE __CLEAR_REG
                 
                 ;CLEAR SRAM
000062 e080      	LDI  R24,LOW(__CLEAR_SRAM_SIZE)
000063 e190      	LDI  R25,HIGH(__CLEAR_SRAM_SIZE)
000064 e0a0      	LDI  R26,LOW(__SRAM_START)
000065 e0b1      	LDI  R27,HIGH(__SRAM_START)
                 __CLEAR_SRAM:
000066 93ed      	ST   X+,R30
000067 9701      	SBIW R24,1
000068 f7e9      	BRNE __CLEAR_SRAM
                 
                 ;GLOBAL VARIABLES INITIALIZATION
000069 eae0      	LDI  R30,LOW(__GLOBAL_INI_TBL*2)
00006a e0f0      	LDI  R31,HIGH(__GLOBAL_INI_TBL*2)
                 __GLOBAL_INI_NEXT:
00006b 9185      	LPM  R24,Z+
00006c 9195      	LPM  R25,Z+
00006d 9700      	SBIW R24,0
00006e f061      	BREQ __GLOBAL_INI_END
00006f 91a5      	LPM  R26,Z+
000070 91b5      	LPM  R27,Z+
000071 9005      	LPM  R0,Z+
000072 9015      	LPM  R1,Z+
000073 01bf      	MOVW R22,R30
000074 01f0      	MOVW R30,R0
                 __GLOBAL_INI_LOOP:
000075 9005      	LPM  R0,Z+
000076 920d      	ST   X+,R0
000077 9701      	SBIW R24,1
000078 f7e1      	BRNE __GLOBAL_INI_LOOP
000079 01fb      	MOVW R30,R22
00007a cff0      	RJMP __GLOBAL_INI_NEXT
                 __GLOBAL_INI_END:
                 
00007b bf8b      	OUT  RAMPZ,R24
                 
                 ;HARDWARE STACK POINTER INITIALIZATION
00007c efef      	LDI  R30,LOW(__SRAM_END-__HEAP_SIZE)
00007d bfed      	OUT  SPL,R30
00007e e1e0      	LDI  R30,HIGH(__SRAM_END-__HEAP_SIZE)
00007f bfee      	OUT  SPH,R30
                 
                 ;DATA STACK POINTER INITIALIZATION
000080 e0c0      	LDI  R28,LOW(__SRAM_START+__DSTACK_SIZE)
000081 e0d5      	LDI  R29,HIGH(__SRAM_START+__DSTACK_SIZE)
                 
000082 940c 0084 	JMP  _main
                 
                 	.ESEG
                 	.ORG 0x00
                 
                 	.DSEG
                 	.ORG 0x500
                 
                 	.CSEG
                 ;/*******************************************************
                 ;This program was created by the CodeWizardAVR V3.32a
                 ;Automatic Program Generator
                 ;© Copyright 1998-2017 Pavel Haiduc, HP InfoTech s.r.l.
                 ;http://www.hpinfotech.com
                 ;
                 ;Project :
                 ;Version :
                 ;Date    : 2018-11-30
                 ;Author  :
                 ;Company :
                 ;Comments:
                 ;
                 ;
                 ;Chip type               : ATmega128
                 ;Program type            : Application
                 ;AVR Core Clock frequency: 16.000000 MHz
                 ;Memory model            : Small
                 ;External RAM size       : 0
                 ;Data Stack size         : 1024
                 ;*******************************************************/
                 ;
                 ;#include <mega128.h>
                 	#ifndef __SLEEP_DEFINED__
                 	#define __SLEEP_DEFINED__
                 	.EQU __se_bit=0x20
                 	.EQU __sm_mask=0x1C
                 	.EQU __sm_powerdown=0x10
                 	.EQU __sm_powersave=0x18
                 	.EQU __sm_standby=0x14
                 	.EQU __sm_ext_standby=0x1C
                 	.EQU __sm_adc_noise_red=0x08
                 	.SET power_ctrl_reg=mcucr
                 	#endif
                 ;
                 ;// SPI functions
                 ;#include <spi.h>
                 ;
                 ;// Alphanumeric LCD functions
                 ;#include <alcd.h>
                 ;
                 ;// Declare your global variables here
                 ;
                 ;unsigned char SPI_Receive(void);
                 ;void led_a();
                 ;void led_b();
                 ;void led_c();
                 ;void led_d();
                 ;unsigned char data, b, c;
                 ;
                 ;void main(void) {
                 ; 0000 0028 void main(void) {
                 
                 	.CSEG
                 _main:
                 ; .FSTART _main
                 ; 0000 0029     unsigned char x = 0, y = 0;
                 ; 0000 002A 
                 ; 0000 002B     // Port B initialization
                 ; 0000 002C     // Function: Bit7=In Bit6=In Bit5=In Bit4=In Bit3=Out Bit2=In Bit1=In Bit0=In
                 ; 0000 002D     DDRB=(0<<DDB7) | (0<<DDB6) | (0<<DDB5) | (0<<DDB4) | (1<<DDB3) | (0<<DDB2) | (0<<DDB1) | (0<<DDB0);
                 ;	x -> R17
                 ;	y -> R16
000084 e010      	LDI  R17,0
000085 e000      	LDI  R16,0
000086 e0e8      	LDI  R30,LOW(8)
000087 bbe7      	OUT  0x17,R30
                 ; 0000 002E     // State: Bit7=T Bit6=T Bit5=T Bit4=T Bit3=0 Bit2=T Bit1=T Bit0=T
                 ; 0000 002F     PORTB=(0<<PORTB7) | (0<<PORTB6) | (0<<PORTB5) | (0<<PORTB4) | (0<<PORTB3) | (0<<PORTB2) | (0<<PORTB1) | (0<<PORTB0);
000088 e0e0      	LDI  R30,LOW(0)
000089 bbe8      	OUT  0x18,R30
                 ; 0000 0030 
                 ; 0000 0031     DDRD = 0x0f;
00008a e0ef      	LDI  R30,LOW(15)
00008b bbe1      	OUT  0x11,R30
                 ; 0000 0032 
                 ; 0000 0033     // SPI initialization
                 ; 0000 0034     // SPI Type: Slave
                 ; 0000 0035     // SPI Clock Rate: 4000.000 kHz
                 ; 0000 0036     // SPI Clock Phase: Cycle Start
                 ; 0000 0037     // SPI Clock Polarity: Low
                 ; 0000 0038     // SPI Data Order: MSB First
                 ; 0000 0039     SPCR=(0<<SPIE) | (1<<SPE) | (0<<DORD) | (0<<MSTR) | (0<<CPOL) | (0<<CPHA) | (0<<SPR1) | (0<<SPR0);
00008c e4e0      	LDI  R30,LOW(64)
00008d b9ed      	OUT  0xD,R30
                 ; 0000 003A     SPSR=(0<<SPI2X);
00008e e0e0      	LDI  R30,LOW(0)
00008f b9ee      	OUT  0xE,R30
                 ; 0000 003B 
                 ; 0000 003C     // Alphanumeric LCD initialization
                 ; 0000 003D     // Connections are specified in the
                 ; 0000 003E     // Project|Configure|C Compiler|Libraries|Alphanumeric LCD menu:
                 ; 0000 003F     // RS - PORTA Bit 0
                 ; 0000 0040     // RD - PORTA Bit 1
                 ; 0000 0041     // EN - PORTA Bit 2
                 ; 0000 0042     // D4 - PORTA Bit 4
                 ; 0000 0043     // D5 - PORTA Bit 5
                 ; 0000 0044     // D6 - PORTA Bit 6
                 ; 0000 0045     // D7 - PORTA Bit 7
                 ; 0000 0046     // Characters/line: 16
                 ; 0000 0047     lcd_init(16);
000090 e1a0      	LDI  R26,LOW(16)
000091 d0aa      	RCALL _lcd_init
                 ; 0000 0048     while (1) {
                 _0x3:
                 ; 0000 0049         data = SPI_Receive();
000092 d023      	RCALL _SPI_Receive
000093 2e5e      	MOV  R5,R30
                 ; 0000 004A         if(x == 16) {
000094 3110      	CPI  R17,16
000095 f429      	BRNE _0x6
                 ; 0000 004B             x = 0;
000096 e010      	LDI  R17,LOW(0)
                 ; 0000 004C             y++;
000097 5f0f      	SUBI R16,-1
                 ; 0000 004D             if(y == 2) {
000098 3002      	CPI  R16,2
000099 f409      	BRNE _0x7
                 ; 0000 004E                 y = 0;
00009a e000      	LDI  R16,LOW(0)
                 ; 0000 004F             }
                 ; 0000 0050         }
                 _0x7:
                 ; 0000 0051         lcd_gotoxy(x,y);
                 _0x6:
00009b 931a      	ST   -Y,R17
00009c 2fa0      	MOV  R26,R16
00009d d06f      	RCALL _lcd_gotoxy
                 ; 0000 0052         lcd_putchar(data);
00009e 2da5      	MOV  R26,R5
00009f d089      	RCALL _lcd_putchar
                 ; 0000 0053         if(data == 'a') {
0000a0 e6e1      	LDI  R30,LOW(97)
0000a1 15e5      	CP   R30,R5
0000a2 f411      	BRNE _0x8
                 ; 0000 0054             led_a();
0000a3 d016      	RCALL _led_a
                 ; 0000 0055         }
                 ; 0000 0056         else if(data == 'b') {
0000a4 c00e      	RJMP _0x9
                 _0x8:
0000a5 e6e2      	LDI  R30,LOW(98)
0000a6 15e5      	CP   R30,R5
0000a7 f411      	BRNE _0xA
                 ; 0000 0057             led_b();
0000a8 d013      	RCALL _led_b
                 ; 0000 0058         }
                 ; 0000 0059         else if(data == 'c') {
0000a9 c009      	RJMP _0xB
                 _0xA:
0000aa e6e3      	LDI  R30,LOW(99)
0000ab 15e5      	CP   R30,R5
0000ac f411      	BRNE _0xC
                 ; 0000 005A             led_c();
0000ad d01b      	RCALL _led_c
                 ; 0000 005B         }
                 ; 0000 005C         else if(data == 'd') {
0000ae c004      	RJMP _0xD
                 _0xC:
0000af e6e4      	LDI  R30,LOW(100)
0000b0 15e5      	CP   R30,R5
0000b1 f409      	BRNE _0xE
                 ; 0000 005D             led_d();
0000b2 d034      	RCALL _led_d
                 ; 0000 005E         }
                 ; 0000 005F         x++;
                 _0xE:
                 _0xD:
                 _0xB:
                 _0x9:
0000b3 5f1f      	SUBI R17,-1
                 ; 0000 0060     }
0000b4 cfdd      	RJMP _0x3
                 ; 0000 0061 }
                 _0xF:
0000b5 cfff      	RJMP _0xF
                 ; .FEND
                 ;unsigned char SPI_Receive(void) {
                 ; 0000 0062 unsigned char SPI_Receive(void) {
                 _SPI_Receive:
                 ; .FSTART _SPI_Receive
                 ; 0000 0063     while( !(SPSR & (1<<SPIF)));
                 _0x10:
0000b6 9b77      	SBIS 0xE,7
0000b7 cffe      	RJMP _0x10
                 ; 0000 0064 
                 ; 0000 0065     return SPDR;
0000b8 b1ef      	IN   R30,0xF
0000b9 9508      	RET
                 ; 0000 0066 }
                 ; .FEND
                 ;void led_a() {
                 ; 0000 0067 void led_a() {
                 _led_a:
                 ; .FSTART _led_a
                 ; 0000 0068     PORTD = 0x0f;
0000ba e0ef      	LDI  R30,LOW(15)
0000bb c02c      	RJMP _0x20A0002
                 ; 0000 0069 }
                 ; .FEND
                 ;void led_b() {
                 ; 0000 006A void led_b() {
                 _led_b:
                 ; .FSTART _led_b
                 ; 0000 006B     if(b % 2)
0000bc 2da4      	MOV  R26,R4
0000bd 27bb      	CLR  R27
0000be e0e2      	LDI  R30,LOW(2)
0000bf e0f0      	LDI  R31,HIGH(2)
0000c0 d0c8      	RCALL __MODW21
0000c1 9730      	SBIW R30,0
0000c2 f011      	BREQ _0x13
                 ; 0000 006C         PORTD = 0x03;
0000c3 e0e3      	LDI  R30,LOW(3)
0000c4 c001      	RJMP _0x1D
                 ; 0000 006D     else
                 _0x13:
                 ; 0000 006E         PORTD = 0x0c;
0000c5 e0ec      	LDI  R30,LOW(12)
                 _0x1D:
0000c6 bbe2      	OUT  0x12,R30
                 ; 0000 006F     b++;
0000c7 9443      	INC  R4
                 ; 0000 0070 }
0000c8 9508      	RET
                 ; .FEND
                 ;void led_c() {
                 ; 0000 0071 void led_c() {
                 _led_c:
                 ; .FSTART _led_c
                 ; 0000 0072     switch (c)
0000c9 2de7      	MOV  R30,R7
0000ca e0f0      	LDI  R31,0
                 ; 0000 0073            {
                 ; 0000 0074            case 0 : PORTD = 0x01;
0000cb 9730      	SBIW R30,0
0000cc f411      	BRNE _0x18
0000cd e0e1      	LDI  R30,LOW(1)
0000ce c011      	RJMP _0x1E
                 ; 0000 0075 
                 ; 0000 0076            break;
                 ; 0000 0077 
                 ; 0000 0078            case 1 : PORTD = 0x02;
                 _0x18:
0000cf 30e1      	CPI  R30,LOW(0x1)
0000d0 e0a0      	LDI  R26,HIGH(0x1)
0000d1 07fa      	CPC  R31,R26
0000d2 f411      	BRNE _0x19
0000d3 e0e2      	LDI  R30,LOW(2)
0000d4 c00b      	RJMP _0x1E
                 ; 0000 0079 
                 ; 0000 007A            break;
                 ; 0000 007B 
                 ; 0000 007C            case 2 : PORTD = 0x04;
                 _0x19:
0000d5 30e2      	CPI  R30,LOW(0x2)
0000d6 e0a0      	LDI  R26,HIGH(0x2)
0000d7 07fa      	CPC  R31,R26
0000d8 f411      	BRNE _0x1A
0000d9 e0e4      	LDI  R30,LOW(4)
0000da c005      	RJMP _0x1E
                 ; 0000 007D 
                 ; 0000 007E            break;
                 ; 0000 007F 
                 ; 0000 0080            case 3 : PORTD = 0x08;
                 _0x1A:
0000db 30e3      	CPI  R30,LOW(0x3)
0000dc e0a0      	LDI  R26,HIGH(0x3)
0000dd 07fa      	CPC  R31,R26
0000de f411      	BRNE _0x17
0000df e0e8      	LDI  R30,LOW(8)
                 _0x1E:
0000e0 bbe2      	OUT  0x12,R30
                 ; 0000 0081 
                 ; 0000 0082            break;
                 ; 0000 0083            }
                 _0x17:
                 ; 0000 0084     c++;
0000e1 9473      	INC  R7
                 ; 0000 0085     if(c >= 4)
0000e2 e0e4      	LDI  R30,LOW(4)
0000e3 167e      	CP   R7,R30
0000e4 f008      	BRLO _0x1C
                 ; 0000 0086     c = 0;
0000e5 2477      	CLR  R7
                 ; 0000 0087 }
                 _0x1C:
0000e6 9508      	RET
                 ; .FEND
                 ;void led_d() {
                 ; 0000 0088 void led_d() {
                 _led_d:
                 ; .FSTART _led_d
                 ; 0000 0089     PORTD = 0x00;
0000e7 e0e0      	LDI  R30,LOW(0)
                 _0x20A0002:
0000e8 bbe2      	OUT  0x12,R30
                 ; 0000 008A }
0000e9 9508      	RET
                 ; .FEND
                 	#ifndef __SLEEP_DEFINED__
                 	#endif
                 
                 	.CSEG
                 	#ifndef __SLEEP_DEFINED__
                 	#endif
                 
                 	.DSEG
                 
                 	.CSEG
                 __lcd_write_nibble_G101:
                 ; .FSTART __lcd_write_nibble_G101
0000ea 931a      	ST   -Y,R17
0000eb 2f1a      	MOV  R17,R26
0000ec b3eb      	IN   R30,0x1B
0000ed 70ef      	ANDI R30,LOW(0xF)
0000ee 2fae      	MOV  R26,R30
0000ef 2fe1      	MOV  R30,R17
0000f0 7fe0      	ANDI R30,LOW(0xF0)
0000f1 2bea      	OR   R30,R26
0000f2 bbeb      	OUT  0x1B,R30
                +
0000f3 e18b     +LDI R24 , LOW ( 27 )
                +__DELAY_USB_LOOP :
0000f4 958a     +DEC R24
0000f5 f7f1     +BRNE __DELAY_USB_LOOP
                 	__DELAY_USB 27
0000f6 9ada      	SBI  0x1B,2
                +
0000f7 e18b     +LDI R24 , LOW ( 27 )
                +__DELAY_USB_LOOP :
0000f8 958a     +DEC R24
0000f9 f7f1     +BRNE __DELAY_USB_LOOP
                 	__DELAY_USB 27
0000fa 98da      	CBI  0x1B,2
                +
0000fb e18b     +LDI R24 , LOW ( 27 )
                +__DELAY_USB_LOOP :
0000fc 958a     +DEC R24
0000fd f7f1     +BRNE __DELAY_USB_LOOP
                 	__DELAY_USB 27
0000fe c066      	RJMP _0x20A0001
                 ; .FEND
                 __lcd_write_data:
                 ; .FSTART __lcd_write_data
0000ff 93aa      	ST   -Y,R26
000100 81a8      	LD   R26,Y
000101 dfe8      	RCALL __lcd_write_nibble_G101
000102 81e8          ld    r30,y
000103 95e2          swap  r30
000104 83e8          st    y,r30
000105 81a8      	LD   R26,Y
000106 dfe3      	RCALL __lcd_write_nibble_G101
                +
000107 ec88     +LDI R24 , LOW ( 200 )
000108 e090     +LDI R25 , HIGH ( 200 )
                +__DELAY_USW_LOOP :
000109 9701     +SBIW R24 , 1
00010a f7f1     +BRNE __DELAY_USW_LOOP
                 	__DELAY_USW 200
00010b 9621      	ADIW R28,1
00010c 9508      	RET
                 ; .FEND
                 _lcd_gotoxy:
                 ; .FSTART _lcd_gotoxy
00010d 931a      	ST   -Y,R17
00010e 930a      	ST   -Y,R16
00010f 2f1a      	MOV  R17,R26
000110 810a      	LDD  R16,Y+2
000111 2fe1      	MOV  R30,R17
000112 e0f0      	LDI  R31,0
000113 50e0      	SUBI R30,LOW(-__base_y_G101)
000114 4ffb      	SBCI R31,HIGH(-__base_y_G101)
000115 81e0      	LD   R30,Z
000116 0fe0      	ADD  R30,R16
000117 2fae      	MOV  R26,R30
000118 dfe6      	RCALL __lcd_write_data
000119 2e60      	MOV  R6,R16
00011a 2e91      	MOV  R9,R17
00011b 8119      	LDD  R17,Y+1
00011c 8108      	LDD  R16,Y+0
00011d 9623      	ADIW R28,3
00011e 9508      	RET
                 ; .FEND
                 _lcd_clear:
                 ; .FSTART _lcd_clear
00011f e0a2      	LDI  R26,LOW(2)
000120 d046      	RCALL SUBOPT_0x0
000121 e0ac      	LDI  R26,LOW(12)
000122 dfdc      	RCALL __lcd_write_data
000123 e0a1      	LDI  R26,LOW(1)
000124 d042      	RCALL SUBOPT_0x0
000125 e0e0      	LDI  R30,LOW(0)
000126 2e9e      	MOV  R9,R30
000127 2e6e      	MOV  R6,R30
000128 9508      	RET
                 ; .FEND
                 _lcd_putchar:
                 ; .FSTART _lcd_putchar
000129 931a      	ST   -Y,R17
00012a 2f1a      	MOV  R17,R26
00012b 301a      	CPI  R17,10
00012c f011      	BREQ _0x2020005
00012d 1468      	CP   R6,R8
00012e f038      	BRLO _0x2020004
                 _0x2020005:
00012f e0e0      	LDI  R30,LOW(0)
000130 93ea      	ST   -Y,R30
000131 9493      	INC  R9
000132 2da9      	MOV  R26,R9
000133 dfd9      	RCALL _lcd_gotoxy
000134 301a      	CPI  R17,10
000135 f179      	BREQ _0x20A0001
                 _0x2020004:
000136 9463      	INC  R6
000137 9ad8      	SBI  0x1B,0
000138 2fa1      	MOV  R26,R17
000139 dfc5      	RCALL __lcd_write_data
00013a 98d8      	CBI  0x1B,0
00013b c029      	RJMP _0x20A0001
                 ; .FEND
                 _lcd_init:
                 ; .FSTART _lcd_init
00013c 931a      	ST   -Y,R17
00013d 2f1a      	MOV  R17,R26
00013e b3ea      	IN   R30,0x1A
00013f 6fe0      	ORI  R30,LOW(0xF0)
000140 bbea      	OUT  0x1A,R30
000141 9ad2      	SBI  0x1A,2
000142 9ad0      	SBI  0x1A,0
000143 9ad1      	SBI  0x1A,1
000144 98da      	CBI  0x1B,2
000145 98d8      	CBI  0x1B,0
000146 98d9      	CBI  0x1B,1
000147 2e81      	MOV  R8,R17
000148 2fe1      	MOV  R30,R17
000149 58e0      	SUBI R30,-LOW(128)
                +
00014a 93e0 0502+STS __base_y_G101 + ( 2 ) , R30
                 	__PUTB1MN __base_y_G101,2
00014c 2fe1      	MOV  R30,R17
00014d 54e0      	SUBI R30,-LOW(192)
                +
00014e 93e0 0503+STS __base_y_G101 + ( 3 ) , R30
                 	__PUTB1MN __base_y_G101,3
000150 e1a4      	LDI  R26,LOW(20)
000151 e0b0      	LDI  R27,0
000152 d044      	RCALL _delay_ms
000153 d017      	RCALL SUBOPT_0x1
000154 d016      	RCALL SUBOPT_0x1
000155 d015      	RCALL SUBOPT_0x1
000156 e2a0      	LDI  R26,LOW(32)
000157 df92      	RCALL __lcd_write_nibble_G101
                +
000158 e980     +LDI R24 , LOW ( 400 )
000159 e091     +LDI R25 , HIGH ( 400 )
                +__DELAY_USW_LOOP :
00015a 9701     +SBIW R24 , 1
00015b f7f1     +BRNE __DELAY_USW_LOOP
                 	__DELAY_USW 400
00015c e2a8      	LDI  R26,LOW(40)
00015d dfa1      	RCALL __lcd_write_data
00015e e0a4      	LDI  R26,LOW(4)
00015f df9f      	RCALL __lcd_write_data
000160 e8a5      	LDI  R26,LOW(133)
000161 df9d      	RCALL __lcd_write_data
000162 e0a6      	LDI  R26,LOW(6)
000163 df9b      	RCALL __lcd_write_data
000164 dfba      	RCALL _lcd_clear
                 _0x20A0001:
000165 9119      	LD   R17,Y+
000166 9508      	RET
                 ; .FEND
                 	#ifndef __SLEEP_DEFINED__
                 	#endif
                 
                 	.CSEG
                 
                 	.CSEG
                 
                 	.CSEG
                 
                 	.DSEG
                 __base_y_G101:
000500           	.BYTE 0x4
                 
                 	.CSEG
                 ;OPTIMIZER ADDED SUBROUTINE, CALLED 2 TIMES, CODE SIZE REDUCTION:1 WORDS
                 SUBOPT_0x0:
000167 df97      	RCALL __lcd_write_data
000168 e0a3      	LDI  R26,LOW(3)
000169 e0b0      	LDI  R27,0
00016a c02c      	RJMP _delay_ms
                 
                 ;OPTIMIZER ADDED SUBROUTINE, CALLED 3 TIMES, CODE SIZE REDUCTION:8 WORDS
                 SUBOPT_0x1:
00016b e3a0      	LDI  R26,LOW(48)
00016c df7d      	RCALL __lcd_write_nibble_G101
                +
00016d e980     +LDI R24 , LOW ( 400 )
00016e e091     +LDI R25 , HIGH ( 400 )
                +__DELAY_USW_LOOP :
00016f 9701     +SBIW R24 , 1
000170 f7f1     +BRNE __DELAY_USW_LOOP
                 	__DELAY_USW 400
000171 9508      	RET
                 
                 ;RUNTIME LIBRARY
                 
                 	.CSEG
                 __ANEGW1:
000172 95f1      	NEG  R31
000173 95e1      	NEG  R30
000174 40f0      	SBCI R31,0
000175 9508      	RET
                 
                 __DIVW21U:
000176 2400      	CLR  R0
000177 2411      	CLR  R1
000178 e190      	LDI  R25,16
                 __DIVW21U1:
000179 0faa      	LSL  R26
00017a 1fbb      	ROL  R27
00017b 1c00      	ROL  R0
00017c 1c11      	ROL  R1
00017d 1a0e      	SUB  R0,R30
00017e 0a1f      	SBC  R1,R31
00017f f418      	BRCC __DIVW21U2
000180 0e0e      	ADD  R0,R30
000181 1e1f      	ADC  R1,R31
000182 c001      	RJMP __DIVW21U3
                 __DIVW21U2:
000183 60a1      	SBR  R26,1
                 __DIVW21U3:
000184 959a      	DEC  R25
000185 f799      	BRNE __DIVW21U1
000186 01fd      	MOVW R30,R26
000187 01d0      	MOVW R26,R0
000188 9508      	RET
                 
                 __MODW21:
000189 94e8      	CLT
00018a ffb7      	SBRS R27,7
00018b c004      	RJMP __MODW211
00018c 95b1      	NEG  R27
00018d 95a1      	NEG  R26
00018e 40b0      	SBCI R27,0
00018f 9468      	SET
                 __MODW211:
000190 fdf7      	SBRC R31,7
000191 dfe0      	RCALL __ANEGW1
000192 dfe3      	RCALL __DIVW21U
000193 01fd      	MOVW R30,R26
000194 f40e      	BRTC __MODW212
000195 dfdc      	RCALL __ANEGW1
                 __MODW212:
000196 9508      	RET
                 
                 _delay_ms:
000197 9610      	adiw r26,0
000198 f039      	breq __delay_ms1
                 __delay_ms0:
000199 95a8      	wdr
                +
00019a ea80     +LDI R24 , LOW ( 0xFA0 )
00019b e09f     +LDI R25 , HIGH ( 0xFA0 )
                +__DELAY_USW_LOOP :
00019c 9701     +SBIW R24 , 1
00019d f7f1     +BRNE __DELAY_USW_LOOP
                 	__DELAY_USW 0xFA0
00019e 9711      	sbiw r26,1
00019f f7c9      	brne __delay_ms0
                 __delay_ms1:
0001a0 9508      	ret
                 
                 ;END OF CODE MARKER
                 __END_OF_CODE:


RESOURCE USE INFORMATION
------------------------

Notice:
The register and instruction counts are symbol table hit counts,
and hence implicitly used resources are not counted, eg, the
'lpm' instruction without operands implicitly uses r0 and z,
none of which are counted.

x,y,z are separate entities in the symbol table and are
counted separately from r26..r31 here.

.dseg memory usage only counts static data declared with .byte

ATmega128 register use summary:
r0 :   9 r1 :   5 r2 :   0 r3 :   0 r4 :   2 r5 :   6 r6 :   4 r7 :   4 
r8 :   2 r9 :   4 r10:   0 r11:   0 r12:   0 r13:   0 r14:   0 r15:   0 
r16:  10 r17:  24 r18:   0 r19:   0 r20:   0 r21:   0 r22:   2 r23:   0 
r24:  22 r25:   8 r26:  44 r27:  10 r28:   3 r29:   1 r30:  88 r31:  15 
x  :   3 y  :  16 z  :   8 
Registers used: 22 out of 35 (62.9%)

ATmega128 instruction use summary:
.lds  :   0 .lds.l:   0 .sts  :   0 .sts.l:   0 adc   :   1 add   :   2 
adiw  :   3 and   :   0 andi  :   2 asr   :   0 bclr  :   0 bld   :   0 
brbc  :   0 brbs  :   0 brcc  :   1 brcs  :   0 break :   0 breq  :   5 
brge  :   0 brhc  :   0 brhs  :   0 brid  :   0 brie  :   0 brlo  :   2 
brlt  :   0 brmi  :   0 brne  :  22 brpl  :   0 brsh  :   0 brtc  :   1 
brts  :   0 brvc  :   0 brvs  :   0 bset  :   0 bst   :   0 call  :   0 
cbi   :   5 cbr   :   0 clc   :   0 clh   :   0 cli   :   1 cln   :   0 
clr   :   6 cls   :   0 clt   :   1 clv   :   0 clz   :   0 com   :   0 
cp    :   6 cpc   :   3 cpi   :   7 cpse  :   0 dec   :   5 des   :   0 
elpm  :   0 eor   :   0 fmul  :   0 fmuls :   0 fmulsu:   0 icall :   0 
ijmp  :   0 in    :   3 inc   :   4 jmp   :  36 ld    :   5 ldd   :   3 
ldi   :  70 lds   :   0 lpm   :   7 lsl   :   1 lsr   :   0 mov   :  22 
movw  :   6 mul   :   0 muls  :   0 mulsu :   0 neg   :   4 nop   :   0 
or    :   1 ori   :   1 out   :  16 pop   :   0 push  :   0 rcall :  32 
ret   :  13 reti  :   0 rjmp  :  17 rol   :   3 ror   :   0 sbc   :   1 
sbci  :   3 sbi   :   5 sbic  :   0 sbis  :   1 sbiw  :  10 sbr   :   1 
sbrc  :   1 sbrs  :   1 sec   :   0 seh   :   0 sei   :   0 sen   :   0 
ser   :   0 ses   :   0 set   :   1 sev   :   0 sez   :   0 sleep :   0 
spm   :   0 st    :  12 std   :   0 sts   :   3 sub   :   1 subi  :   5 
swap  :   1 tst   :   0 wdr   :   1 
Instructions used: 50 out of 117 (42.7%)

ATmega128 memory use summary [bytes]:
Segment   Begin    End      Code   Data   Used    Size   Use%
---------------------------------------------------------------
[.cseg] 0x000000 0x000342    806     28    834  131072   0.6%
[.dseg] 0x000100 0x000504      0      4      4    4096   0.1%
[.eseg] 0x000000 0x000000      0      0      0    4096   0.0%

Assembly complete, 0 errors, 6 warnings
