
AVRASM ver. 2.1.30  D:\ELE_2018\CODE\Debug\List\serial.asm Thu Nov 15 08:41:48 2018

D:\ELE_2018\CODE\Debug\List\serial.asm(1097): warning: Register r5 already defined by the .DEF directive
D:\ELE_2018\CODE\Debug\List\serial.asm(1098): warning: Register r4 already defined by the .DEF directive
D:\ELE_2018\CODE\Debug\List\serial.asm(1099): warning: Register r7 already defined by the .DEF directive
D:\ELE_2018\CODE\Debug\List\serial.asm(1100): warning: Register r6 already defined by the .DEF directive
D:\ELE_2018\CODE\Debug\List\serial.asm(1101): warning: Register r9 already defined by the .DEF directive
                 
                 
                 ;CodeVisionAVR C Compiler V3.32a Evaluation
                 ;(C) Copyright 1998-2017 Pavel Haiduc, HP InfoTech s.r.l.
                 ;http://www.hpinfotech.com
                 
                 ;Build configuration    : Debug
                 ;Chip type              : ATmega128
                 ;Program type           : Application
                 ;Clock frequency        : 8.000000 MHz
                 ;Memory model           : Small
                 ;Optimize for           : Size
                 ;(s)printf features     : int, width
                 ;(s)scanf features      : int, width
                 ;External RAM size      : 0
                 ;Data Stack size        : 1024 byte(s)
                 ;Heap size              : 0 byte(s)
                 ;Promote 'char' to 'int': Yes
                 ;'char' is unsigned     : Yes
                 ;8 bit enums            : Yes
                 ;Global 'const' stored in FLASH: No
                 ;Enhanced function parameter passing: Mode 2
                 ;Enhanced core instructions: On
                 ;Automatic register allocation for global variables: On
                 ;Smart register allocation: On
                 
                 	#define _MODEL_SMALL_
                 
                 	#pragma AVRPART ADMIN PART_NAME ATmega128
                 	#pragma AVRPART MEMORY PROG_FLASH 131072
                 	#pragma AVRPART MEMORY EEPROM 4096
                 	#pragma AVRPART MEMORY INT_SRAM SIZE 4096
                 	#pragma AVRPART MEMORY INT_SRAM START_ADDR 0x100
                 
                 	#define CALL_SUPPORTED 1
                 
                 	.LISTMAC
                 	.EQU UDRE=0x5
                 	.EQU RXC=0x7
                 	.EQU USR=0xB
                 	.EQU UDR=0xC
                 	.EQU SPSR=0xE
                 	.EQU SPDR=0xF
                 	.EQU EERE=0x0
                 	.EQU EEWE=0x1
                 	.EQU EEMWE=0x2
                 	.EQU EECR=0x1C
                 	.EQU EEDR=0x1D
                 	.EQU EEARL=0x1E
                 	.EQU EEARH=0x1F
                 	.EQU WDTCR=0x21
                 	.EQU MCUCR=0x35
                 	.EQU RAMPZ=0x3B
                 	.EQU SPL=0x3D
                 	.EQU SPH=0x3E
                 	.EQU SREG=0x3F
                 	.EQU XMCRA=0x6D
                 	.EQU XMCRB=0x6C
                 
                 	.DEF R0X0=R0
                 	.DEF R0X1=R1
                 	.DEF R0X2=R2
                 	.DEF R0X3=R3
                 	.DEF R0X4=R4
                 	.DEF R0X5=R5
                 	.DEF R0X6=R6
                 	.DEF R0X7=R7
                 	.DEF R0X8=R8
                 	.DEF R0X9=R9
                 	.DEF R0XA=R10
                 	.DEF R0XB=R11
                 	.DEF R0XC=R12
                 	.DEF R0XD=R13
                 	.DEF R0XE=R14
                 	.DEF R0XF=R15
                 	.DEF R0X10=R16
                 	.DEF R0X11=R17
                 	.DEF R0X12=R18
                 	.DEF R0X13=R19
                 	.DEF R0X14=R20
                 	.DEF R0X15=R21
                 	.DEF R0X16=R22
                 	.DEF R0X17=R23
                 	.DEF R0X18=R24
                 	.DEF R0X19=R25
                 	.DEF R0X1A=R26
                 	.DEF R0X1B=R27
                 	.DEF R0X1C=R28
                 	.DEF R0X1D=R29
                 	.DEF R0X1E=R30
                 	.DEF R0X1F=R31
                 
                 	.EQU __SRAM_START=0x0100
                 	.EQU __SRAM_END=0x10FF
                 	.EQU __DSTACK_SIZE=0x0400
                 	.EQU __HEAP_SIZE=0x0000
                 	.EQU __CLEAR_SRAM_SIZE=__SRAM_END-__SRAM_START+1
                 
                 	.MACRO __CPD1N
                 	CPI  R30,LOW(@0)
                 	LDI  R26,HIGH(@0)
                 	CPC  R31,R26
                 	LDI  R26,BYTE3(@0)
                 	CPC  R22,R26
                 	LDI  R26,BYTE4(@0)
                 	CPC  R23,R26
                 	.ENDM
                 
                 	.MACRO __CPD2N
                 	CPI  R26,LOW(@0)
                 	LDI  R30,HIGH(@0)
                 	CPC  R27,R30
                 	LDI  R30,BYTE3(@0)
                 	CPC  R24,R30
                 	LDI  R30,BYTE4(@0)
                 	CPC  R25,R30
                 	.ENDM
                 
                 	.MACRO __CPWRR
                 	CP   R@0,R@2
                 	CPC  R@1,R@3
                 	.ENDM
                 
                 	.MACRO __CPWRN
                 	CPI  R@0,LOW(@2)
                 	LDI  R30,HIGH(@2)
                 	CPC  R@1,R30
                 	.ENDM
                 
                 	.MACRO __ADDB1MN
                 	SUBI R30,LOW(-@0-(@1))
                 	.ENDM
                 
                 	.MACRO __ADDB2MN
                 	SUBI R26,LOW(-@0-(@1))
                 	.ENDM
                 
                 	.MACRO __ADDW1MN
                 	SUBI R30,LOW(-@0-(@1))
                 	SBCI R31,HIGH(-@0-(@1))
                 	.ENDM
                 
                 	.MACRO __ADDW2MN
                 	SUBI R26,LOW(-@0-(@1))
                 	SBCI R27,HIGH(-@0-(@1))
                 	.ENDM
                 
                 	.MACRO __ADDW1FN
                 	SUBI R30,LOW(-2*@0-(@1))
                 	SBCI R31,HIGH(-2*@0-(@1))
                 	.ENDM
                 
                 	.MACRO __ADDD1FN
                 	SUBI R30,LOW(-2*@0-(@1))
                 	SBCI R31,HIGH(-2*@0-(@1))
                 	SBCI R22,BYTE3(-2*@0-(@1))
                 	.ENDM
                 
                 	.MACRO __ADDD1N
                 	SUBI R30,LOW(-@0)
                 	SBCI R31,HIGH(-@0)
                 	SBCI R22,BYTE3(-@0)
                 	SBCI R23,BYTE4(-@0)
                 	.ENDM
                 
                 	.MACRO __ADDD2N
                 	SUBI R26,LOW(-@0)
                 	SBCI R27,HIGH(-@0)
                 	SBCI R24,BYTE3(-@0)
                 	SBCI R25,BYTE4(-@0)
                 	.ENDM
                 
                 	.MACRO __SUBD1N
                 	SUBI R30,LOW(@0)
                 	SBCI R31,HIGH(@0)
                 	SBCI R22,BYTE3(@0)
                 	SBCI R23,BYTE4(@0)
                 	.ENDM
                 
                 	.MACRO __SUBD2N
                 	SUBI R26,LOW(@0)
                 	SBCI R27,HIGH(@0)
                 	SBCI R24,BYTE3(@0)
                 	SBCI R25,BYTE4(@0)
                 	.ENDM
                 
                 	.MACRO __ANDBMNN
                 	LDS  R30,@0+(@1)
                 	ANDI R30,LOW(@2)
                 	STS  @0+(@1),R30
                 	.ENDM
                 
                 	.MACRO __ANDWMNN
                 	LDS  R30,@0+(@1)
                 	ANDI R30,LOW(@2)
                 	STS  @0+(@1),R30
                 	LDS  R30,@0+(@1)+1
                 	ANDI R30,HIGH(@2)
                 	STS  @0+(@1)+1,R30
                 	.ENDM
                 
                 	.MACRO __ANDD1N
                 	ANDI R30,LOW(@0)
                 	ANDI R31,HIGH(@0)
                 	ANDI R22,BYTE3(@0)
                 	ANDI R23,BYTE4(@0)
                 	.ENDM
                 
                 	.MACRO __ANDD2N
                 	ANDI R26,LOW(@0)
                 	ANDI R27,HIGH(@0)
                 	ANDI R24,BYTE3(@0)
                 	ANDI R25,BYTE4(@0)
                 	.ENDM
                 
                 	.MACRO __ORBMNN
                 	LDS  R30,@0+(@1)
                 	ORI  R30,LOW(@2)
                 	STS  @0+(@1),R30
                 	.ENDM
                 
                 	.MACRO __ORWMNN
                 	LDS  R30,@0+(@1)
                 	ORI  R30,LOW(@2)
                 	STS  @0+(@1),R30
                 	LDS  R30,@0+(@1)+1
                 	ORI  R30,HIGH(@2)
                 	STS  @0+(@1)+1,R30
                 	.ENDM
                 
                 	.MACRO __ORD1N
                 	ORI  R30,LOW(@0)
                 	ORI  R31,HIGH(@0)
                 	ORI  R22,BYTE3(@0)
                 	ORI  R23,BYTE4(@0)
                 	.ENDM
                 
                 	.MACRO __ORD2N
                 	ORI  R26,LOW(@0)
                 	ORI  R27,HIGH(@0)
                 	ORI  R24,BYTE3(@0)
                 	ORI  R25,BYTE4(@0)
                 	.ENDM
                 
                 	.MACRO __DELAY_USB
                 	LDI  R24,LOW(@0)
                 __DELAY_USB_LOOP:
                 	DEC  R24
                 	BRNE __DELAY_USB_LOOP
                 	.ENDM
                 
                 	.MACRO __DELAY_USW
                 	LDI  R24,LOW(@0)
                 	LDI  R25,HIGH(@0)
                 __DELAY_USW_LOOP:
                 	SBIW R24,1
                 	BRNE __DELAY_USW_LOOP
                 	.ENDM
                 
                 	.MACRO __GETD1S
                 	LDD  R30,Y+@0
                 	LDD  R31,Y+@0+1
                 	LDD  R22,Y+@0+2
                 	LDD  R23,Y+@0+3
                 	.ENDM
                 
                 	.MACRO __GETD2S
                 	LDD  R26,Y+@0
                 	LDD  R27,Y+@0+1
                 	LDD  R24,Y+@0+2
                 	LDD  R25,Y+@0+3
                 	.ENDM
                 
                 	.MACRO __PUTD1S
                 	STD  Y+@0,R30
                 	STD  Y+@0+1,R31
                 	STD  Y+@0+2,R22
                 	STD  Y+@0+3,R23
                 	.ENDM
                 
                 	.MACRO __PUTD2S
                 	STD  Y+@0,R26
                 	STD  Y+@0+1,R27
                 	STD  Y+@0+2,R24
                 	STD  Y+@0+3,R25
                 	.ENDM
                 
                 	.MACRO __PUTDZ2
                 	STD  Z+@0,R26
                 	STD  Z+@0+1,R27
                 	STD  Z+@0+2,R24
                 	STD  Z+@0+3,R25
                 	.ENDM
                 
                 	.MACRO __CLRD1S
                 	STD  Y+@0,R30
                 	STD  Y+@0+1,R30
                 	STD  Y+@0+2,R30
                 	STD  Y+@0+3,R30
                 	.ENDM
                 
                 	.MACRO __POINTB1MN
                 	LDI  R30,LOW(@0+(@1))
                 	.ENDM
                 
                 	.MACRO __POINTW1MN
                 	LDI  R30,LOW(@0+(@1))
                 	LDI  R31,HIGH(@0+(@1))
                 	.ENDM
                 
                 	.MACRO __POINTD1M
                 	LDI  R30,LOW(@0)
                 	LDI  R31,HIGH(@0)
                 	LDI  R22,BYTE3(@0)
                 	LDI  R23,BYTE4(@0)
                 	.ENDM
                 
                 	.MACRO __POINTW1FN
                 	LDI  R30,LOW(2*@0+(@1))
                 	LDI  R31,HIGH(2*@0+(@1))
                 	.ENDM
                 
                 	.MACRO __POINTD1FN
                 	LDI  R30,LOW(2*@0+(@1))
                 	LDI  R31,HIGH(2*@0+(@1))
                 	LDI  R22,BYTE3(2*@0+(@1))
                 	LDI  R23,BYTE4(2*@0+(@1))
                 	.ENDM
                 
                 	.MACRO __POINTB2MN
                 	LDI  R26,LOW(@0+(@1))
                 	.ENDM
                 
                 	.MACRO __POINTW2MN
                 	LDI  R26,LOW(@0+(@1))
                 	LDI  R27,HIGH(@0+(@1))
                 	.ENDM
                 
                 	.MACRO __POINTD2M
                 	LDI  R26,LOW(@0)
                 	LDI  R27,HIGH(@0)
                 	LDI  R24,BYTE3(@0)
                 	LDI  R25,BYTE4(@0)
                 	.ENDM
                 
                 	.MACRO __POINTW2FN
                 	LDI  R26,LOW(2*@0+(@1))
                 	LDI  R27,HIGH(2*@0+(@1))
                 	.ENDM
                 
                 	.MACRO __POINTD2FN
                 	LDI  R26,LOW(2*@0+(@1))
                 	LDI  R27,HIGH(2*@0+(@1))
                 	LDI  R24,BYTE3(2*@0+(@1))
                 	LDI  R25,BYTE4(2*@0+(@1))
                 	.ENDM
                 
                 	.MACRO __POINTBRM
                 	LDI  R@0,LOW(@1)
                 	.ENDM
                 
                 	.MACRO __POINTWRM
                 	LDI  R@0,LOW(@2)
                 	LDI  R@1,HIGH(@2)
                 	.ENDM
                 
                 	.MACRO __POINTBRMN
                 	LDI  R@0,LOW(@1+(@2))
                 	.ENDM
                 
                 	.MACRO __POINTWRMN
                 	LDI  R@0,LOW(@2+(@3))
                 	LDI  R@1,HIGH(@2+(@3))
                 	.ENDM
                 
                 	.MACRO __POINTWRFN
                 	LDI  R@0,LOW(@2*2+(@3))
                 	LDI  R@1,HIGH(@2*2+(@3))
                 	.ENDM
                 
                 	.MACRO __GETD1N
                 	LDI  R30,LOW(@0)
                 	LDI  R31,HIGH(@0)
                 	LDI  R22,BYTE3(@0)
                 	LDI  R23,BYTE4(@0)
                 	.ENDM
                 
                 	.MACRO __GETD2N
                 	LDI  R26,LOW(@0)
                 	LDI  R27,HIGH(@0)
                 	LDI  R24,BYTE3(@0)
                 	LDI  R25,BYTE4(@0)
                 	.ENDM
                 
                 	.MACRO __GETB1MN
                 	LDS  R30,@0+(@1)
                 	.ENDM
                 
                 	.MACRO __GETB1HMN
                 	LDS  R31,@0+(@1)
                 	.ENDM
                 
                 	.MACRO __GETW1MN
                 	LDS  R30,@0+(@1)
                 	LDS  R31,@0+(@1)+1
                 	.ENDM
                 
                 	.MACRO __GETD1MN
                 	LDS  R30,@0+(@1)
                 	LDS  R31,@0+(@1)+1
                 	LDS  R22,@0+(@1)+2
                 	LDS  R23,@0+(@1)+3
                 	.ENDM
                 
                 	.MACRO __GETBRMN
                 	LDS  R@0,@1+(@2)
                 	.ENDM
                 
                 	.MACRO __GETWRMN
                 	LDS  R@0,@2+(@3)
                 	LDS  R@1,@2+(@3)+1
                 	.ENDM
                 
                 	.MACRO __GETWRZ
                 	LDD  R@0,Z+@2
                 	LDD  R@1,Z+@2+1
                 	.ENDM
                 
                 	.MACRO __GETD2Z
                 	LDD  R26,Z+@0
                 	LDD  R27,Z+@0+1
                 	LDD  R24,Z+@0+2
                 	LDD  R25,Z+@0+3
                 	.ENDM
                 
                 	.MACRO __GETB2MN
                 	LDS  R26,@0+(@1)
                 	.ENDM
                 
                 	.MACRO __GETW2MN
                 	LDS  R26,@0+(@1)
                 	LDS  R27,@0+(@1)+1
                 	.ENDM
                 
                 	.MACRO __GETD2MN
                 	LDS  R26,@0+(@1)
                 	LDS  R27,@0+(@1)+1
                 	LDS  R24,@0+(@1)+2
                 	LDS  R25,@0+(@1)+3
                 	.ENDM
                 
                 	.MACRO __PUTB1MN
                 	STS  @0+(@1),R30
                 	.ENDM
                 
                 	.MACRO __PUTW1MN
                 	STS  @0+(@1),R30
                 	STS  @0+(@1)+1,R31
                 	.ENDM
                 
                 	.MACRO __PUTD1MN
                 	STS  @0+(@1),R30
                 	STS  @0+(@1)+1,R31
                 	STS  @0+(@1)+2,R22
                 	STS  @0+(@1)+3,R23
                 	.ENDM
                 
                 	.MACRO __PUTB1EN
                 	LDI  R26,LOW(@0+(@1))
                 	LDI  R27,HIGH(@0+(@1))
                 	CALL __EEPROMWRB
                 	.ENDM
                 
                 	.MACRO __PUTW1EN
                 	LDI  R26,LOW(@0+(@1))
                 	LDI  R27,HIGH(@0+(@1))
                 	CALL __EEPROMWRW
                 	.ENDM
                 
                 	.MACRO __PUTD1EN
                 	LDI  R26,LOW(@0+(@1))
                 	LDI  R27,HIGH(@0+(@1))
                 	CALL __EEPROMWRD
                 	.ENDM
                 
                 	.MACRO __PUTBR0MN
                 	STS  @0+(@1),R0
                 	.ENDM
                 
                 	.MACRO __PUTBMRN
                 	STS  @0+(@1),R@2
                 	.ENDM
                 
                 	.MACRO __PUTWMRN
                 	STS  @0+(@1),R@2
                 	STS  @0+(@1)+1,R@3
                 	.ENDM
                 
                 	.MACRO __PUTBZR
                 	STD  Z+@1,R@0
                 	.ENDM
                 
                 	.MACRO __PUTWZR
                 	STD  Z+@2,R@0
                 	STD  Z+@2+1,R@1
                 	.ENDM
                 
                 	.MACRO __GETW1R
                 	MOV  R30,R@0
                 	MOV  R31,R@1
                 	.ENDM
                 
                 	.MACRO __GETW2R
                 	MOV  R26,R@0
                 	MOV  R27,R@1
                 	.ENDM
                 
                 	.MACRO __GETWRN
                 	LDI  R@0,LOW(@2)
                 	LDI  R@1,HIGH(@2)
                 	.ENDM
                 
                 	.MACRO __PUTW1R
                 	MOV  R@0,R30
                 	MOV  R@1,R31
                 	.ENDM
                 
                 	.MACRO __PUTW2R
                 	MOV  R@0,R26
                 	MOV  R@1,R27
                 	.ENDM
                 
                 	.MACRO __ADDWRN
                 	SUBI R@0,LOW(-@2)
                 	SBCI R@1,HIGH(-@2)
                 	.ENDM
                 
                 	.MACRO __ADDWRR
                 	ADD  R@0,R@2
                 	ADC  R@1,R@3
                 	.ENDM
                 
                 	.MACRO __SUBWRN
                 	SUBI R@0,LOW(@2)
                 	SBCI R@1,HIGH(@2)
                 	.ENDM
                 
                 	.MACRO __SUBWRR
                 	SUB  R@0,R@2
                 	SBC  R@1,R@3
                 	.ENDM
                 
                 	.MACRO __ANDWRN
                 	ANDI R@0,LOW(@2)
                 	ANDI R@1,HIGH(@2)
                 	.ENDM
                 
                 	.MACRO __ANDWRR
                 	AND  R@0,R@2
                 	AND  R@1,R@3
                 	.ENDM
                 
                 	.MACRO __ORWRN
                 	ORI  R@0,LOW(@2)
                 	ORI  R@1,HIGH(@2)
                 	.ENDM
                 
                 	.MACRO __ORWRR
                 	OR   R@0,R@2
                 	OR   R@1,R@3
                 	.ENDM
                 
                 	.MACRO __EORWRR
                 	EOR  R@0,R@2
                 	EOR  R@1,R@3
                 	.ENDM
                 
                 	.MACRO __GETWRS
                 	LDD  R@0,Y+@2
                 	LDD  R@1,Y+@2+1
                 	.ENDM
                 
                 	.MACRO __PUTBSR
                 	STD  Y+@1,R@0
                 	.ENDM
                 
                 	.MACRO __PUTWSR
                 	STD  Y+@2,R@0
                 	STD  Y+@2+1,R@1
                 	.ENDM
                 
                 	.MACRO __MOVEWRR
                 	MOV  R@0,R@2
                 	MOV  R@1,R@3
                 	.ENDM
                 
                 	.MACRO __INWR
                 	IN   R@0,@2
                 	IN   R@1,@2+1
                 	.ENDM
                 
                 	.MACRO __OUTWR
                 	OUT  @2+1,R@1
                 	OUT  @2,R@0
                 	.ENDM
                 
                 	.MACRO __CALL1MN
                 	LDS  R30,@0+(@1)
                 	LDS  R31,@0+(@1)+1
                 	ICALL
                 	.ENDM
                 
                 	.MACRO __CALL1FN
                 	LDI  R30,LOW(2*@0+(@1))
                 	LDI  R31,HIGH(2*@0+(@1))
                 	CALL __GETW1PF
                 	ICALL
                 	.ENDM
                 
                 	.MACRO __CALL2EN
                 	PUSH R26
                 	PUSH R27
                 	LDI  R26,LOW(@0+(@1))
                 	LDI  R27,HIGH(@0+(@1))
                 	CALL __EEPROMRDW
                 	POP  R27
                 	POP  R26
                 	ICALL
                 	.ENDM
                 
                 	.MACRO __CALL2EX
                 	SUBI R26,LOW(-@0)
                 	SBCI R27,HIGH(-@0)
                 	CALL __EEPROMRDD
                 	ICALL
                 	.ENDM
                 
                 	.MACRO __GETW1STACK
                 	IN   R30,SPL
                 	IN   R31,SPH
                 	ADIW R30,@0+1
                 	LD   R0,Z+
                 	LD   R31,Z
                 	MOV  R30,R0
                 	.ENDM
                 
                 	.MACRO __GETD1STACK
                 	IN   R30,SPL
                 	IN   R31,SPH
                 	ADIW R30,@0+1
                 	LD   R0,Z+
                 	LD   R1,Z+
                 	LD   R22,Z
                 	MOVW R30,R0
                 	.ENDM
                 
                 	.MACRO __NBST
                 	BST  R@0,@1
                 	IN   R30,SREG
                 	LDI  R31,0x40
                 	EOR  R30,R31
                 	OUT  SREG,R30
                 	.ENDM
                 
                 
                 	.MACRO __PUTB1SN
                 	LDD  R26,Y+@0
                 	LDD  R27,Y+@0+1
                 	SUBI R26,LOW(-@1)
                 	SBCI R27,HIGH(-@1)
                 	ST   X,R30
                 	.ENDM
                 
                 	.MACRO __PUTW1SN
                 	LDD  R26,Y+@0
                 	LDD  R27,Y+@0+1
                 	SUBI R26,LOW(-@1)
                 	SBCI R27,HIGH(-@1)
                 	ST   X+,R30
                 	ST   X,R31
                 	.ENDM
                 
                 	.MACRO __PUTD1SN
                 	LDD  R26,Y+@0
                 	LDD  R27,Y+@0+1
                 	SUBI R26,LOW(-@1)
                 	SBCI R27,HIGH(-@1)
                 	CALL __PUTDP1
                 	.ENDM
                 
                 	.MACRO __PUTB1SNS
                 	LDD  R26,Y+@0
                 	LDD  R27,Y+@0+1
                 	ADIW R26,@1
                 	ST   X,R30
                 	.ENDM
                 
                 	.MACRO __PUTW1SNS
                 	LDD  R26,Y+@0
                 	LDD  R27,Y+@0+1
                 	ADIW R26,@1
                 	ST   X+,R30
                 	ST   X,R31
                 	.ENDM
                 
                 	.MACRO __PUTD1SNS
                 	LDD  R26,Y+@0
                 	LDD  R27,Y+@0+1
                 	ADIW R26,@1
                 	CALL __PUTDP1
                 	.ENDM
                 
                 	.MACRO __PUTB1PMN
                 	LDS  R26,@0
                 	LDS  R27,@0+1
                 	SUBI R26,LOW(-@1)
                 	SBCI R27,HIGH(-@1)
                 	ST   X,R30
                 	.ENDM
                 
                 	.MACRO __PUTW1PMN
                 	LDS  R26,@0
                 	LDS  R27,@0+1
                 	SUBI R26,LOW(-@1)
                 	SBCI R27,HIGH(-@1)
                 	ST   X+,R30
                 	ST   X,R31
                 	.ENDM
                 
                 	.MACRO __PUTD1PMN
                 	LDS  R26,@0
                 	LDS  R27,@0+1
                 	SUBI R26,LOW(-@1)
                 	SBCI R27,HIGH(-@1)
                 	CALL __PUTDP1
                 	.ENDM
                 
                 	.MACRO __PUTB1PMNS
                 	LDS  R26,@0
                 	LDS  R27,@0+1
                 	ADIW R26,@1
                 	ST   X,R30
                 	.ENDM
                 
                 	.MACRO __PUTW1PMNS
                 	LDS  R26,@0
                 	LDS  R27,@0+1
                 	ADIW R26,@1
                 	ST   X+,R30
                 	ST   X,R31
                 	.ENDM
                 
                 	.MACRO __PUTD1PMNS
                 	LDS  R26,@0
                 	LDS  R27,@0+1
                 	ADIW R26,@1
                 	CALL __PUTDP1
                 	.ENDM
                 
                 	.MACRO __PUTB1RN
                 	MOVW R26,R@0
                 	SUBI R26,LOW(-@1)
                 	SBCI R27,HIGH(-@1)
                 	ST   X,R30
                 	.ENDM
                 
                 	.MACRO __PUTW1RN
                 	MOVW R26,R@0
                 	SUBI R26,LOW(-@1)
                 	SBCI R27,HIGH(-@1)
                 	ST   X+,R30
                 	ST   X,R31
                 	.ENDM
                 
                 	.MACRO __PUTD1RN
                 	MOVW R26,R@0
                 	SUBI R26,LOW(-@1)
                 	SBCI R27,HIGH(-@1)
                 	CALL __PUTDP1
                 	.ENDM
                 
                 	.MACRO __PUTB1RNS
                 	MOVW R26,R@0
                 	ADIW R26,@1
                 	ST   X,R30
                 	.ENDM
                 
                 	.MACRO __PUTW1RNS
                 	MOVW R26,R@0
                 	ADIW R26,@1
                 	ST   X+,R30
                 	ST   X,R31
                 	.ENDM
                 
                 	.MACRO __PUTD1RNS
                 	MOVW R26,R@0
                 	ADIW R26,@1
                 	CALL __PUTDP1
                 	.ENDM
                 
                 	.MACRO __PUTB1RON
                 	MOV  R26,R@0
                 	MOV  R27,R@1
                 	SUBI R26,LOW(-@2)
                 	SBCI R27,HIGH(-@2)
                 	ST   X,R30
                 	.ENDM
                 
                 	.MACRO __PUTW1RON
                 	MOV  R26,R@0
                 	MOV  R27,R@1
                 	SUBI R26,LOW(-@2)
                 	SBCI R27,HIGH(-@2)
                 	ST   X+,R30
                 	ST   X,R31
                 	.ENDM
                 
                 	.MACRO __PUTD1RON
                 	MOV  R26,R@0
                 	MOV  R27,R@1
                 	SUBI R26,LOW(-@2)
                 	SBCI R27,HIGH(-@2)
                 	CALL __PUTDP1
                 	.ENDM
                 
                 	.MACRO __PUTB1RONS
                 	MOV  R26,R@0
                 	MOV  R27,R@1
                 	ADIW R26,@2
                 	ST   X,R30
                 	.ENDM
                 
                 	.MACRO __PUTW1RONS
                 	MOV  R26,R@0
                 	MOV  R27,R@1
                 	ADIW R26,@2
                 	ST   X+,R30
                 	ST   X,R31
                 	.ENDM
                 
                 	.MACRO __PUTD1RONS
                 	MOV  R26,R@0
                 	MOV  R27,R@1
                 	ADIW R26,@2
                 	CALL __PUTDP1
                 	.ENDM
                 
                 
                 	.MACRO __GETB1SX
                 	MOVW R30,R28
                 	SUBI R30,LOW(-@0)
                 	SBCI R31,HIGH(-@0)
                 	LD   R30,Z
                 	.ENDM
                 
                 	.MACRO __GETB1HSX
                 	MOVW R30,R28
                 	SUBI R30,LOW(-@0)
                 	SBCI R31,HIGH(-@0)
                 	LD   R31,Z
                 	.ENDM
                 
                 	.MACRO __GETW1SX
                 	MOVW R30,R28
                 	SUBI R30,LOW(-@0)
                 	SBCI R31,HIGH(-@0)
                 	LD   R0,Z+
                 	LD   R31,Z
                 	MOV  R30,R0
                 	.ENDM
                 
                 	.MACRO __GETD1SX
                 	MOVW R30,R28
                 	SUBI R30,LOW(-@0)
                 	SBCI R31,HIGH(-@0)
                 	LD   R0,Z+
                 	LD   R1,Z+
                 	LD   R22,Z+
                 	LD   R23,Z
                 	MOVW R30,R0
                 	.ENDM
                 
                 	.MACRO __GETB2SX
                 	MOVW R26,R28
                 	SUBI R26,LOW(-@0)
                 	SBCI R27,HIGH(-@0)
                 	LD   R26,X
                 	.ENDM
                 
                 	.MACRO __GETW2SX
                 	MOVW R26,R28
                 	SUBI R26,LOW(-@0)
                 	SBCI R27,HIGH(-@0)
                 	LD   R0,X+
                 	LD   R27,X
                 	MOV  R26,R0
                 	.ENDM
                 
                 	.MACRO __GETD2SX
                 	MOVW R26,R28
                 	SUBI R26,LOW(-@0)
                 	SBCI R27,HIGH(-@0)
                 	LD   R0,X+
                 	LD   R1,X+
                 	LD   R24,X+
                 	LD   R25,X
                 	MOVW R26,R0
                 	.ENDM
                 
                 	.MACRO __GETBRSX
                 	MOVW R30,R28
                 	SUBI R30,LOW(-@1)
                 	SBCI R31,HIGH(-@1)
                 	LD   R@0,Z
                 	.ENDM
                 
                 	.MACRO __GETWRSX
                 	MOVW R30,R28
                 	SUBI R30,LOW(-@2)
                 	SBCI R31,HIGH(-@2)
                 	LD   R@0,Z+
                 	LD   R@1,Z
                 	.ENDM
                 
                 	.MACRO __GETBRSX2
                 	MOVW R26,R28
                 	SUBI R26,LOW(-@1)
                 	SBCI R27,HIGH(-@1)
                 	LD   R@0,X
                 	.ENDM
                 
                 	.MACRO __GETWRSX2
                 	MOVW R26,R28
                 	SUBI R26,LOW(-@2)
                 	SBCI R27,HIGH(-@2)
                 	LD   R@0,X+
                 	LD   R@1,X
                 	.ENDM
                 
                 	.MACRO __LSLW8SX
                 	MOVW R30,R28
                 	SUBI R30,LOW(-@0)
                 	SBCI R31,HIGH(-@0)
                 	LD   R31,Z
                 	CLR  R30
                 	.ENDM
                 
                 	.MACRO __PUTB1SX
                 	MOVW R26,R28
                 	SUBI R26,LOW(-@0)
                 	SBCI R27,HIGH(-@0)
                 	ST   X,R30
                 	.ENDM
                 
                 	.MACRO __PUTW1SX
                 	MOVW R26,R28
                 	SUBI R26,LOW(-@0)
                 	SBCI R27,HIGH(-@0)
                 	ST   X+,R30
                 	ST   X,R31
                 	.ENDM
                 
                 	.MACRO __PUTD1SX
                 	MOVW R26,R28
                 	SUBI R26,LOW(-@0)
                 	SBCI R27,HIGH(-@0)
                 	ST   X+,R30
                 	ST   X+,R31
                 	ST   X+,R22
                 	ST   X,R23
                 	.ENDM
                 
                 	.MACRO __CLRW1SX
                 	MOVW R26,R28
                 	SUBI R26,LOW(-@0)
                 	SBCI R27,HIGH(-@0)
                 	ST   X+,R30
                 	ST   X,R30
                 	.ENDM
                 
                 	.MACRO __CLRD1SX
                 	MOVW R26,R28
                 	SUBI R26,LOW(-@0)
                 	SBCI R27,HIGH(-@0)
                 	ST   X+,R30
                 	ST   X+,R30
                 	ST   X+,R30
                 	ST   X,R30
                 	.ENDM
                 
                 	.MACRO __PUTB2SX
                 	MOVW R30,R28
                 	SUBI R30,LOW(-@0)
                 	SBCI R31,HIGH(-@0)
                 	ST   Z,R26
                 	.ENDM
                 
                 	.MACRO __PUTW2SX
                 	MOVW R30,R28
                 	SUBI R30,LOW(-@0)
                 	SBCI R31,HIGH(-@0)
                 	ST   Z+,R26
                 	ST   Z,R27
                 	.ENDM
                 
                 	.MACRO __PUTD2SX
                 	MOVW R30,R28
                 	SUBI R30,LOW(-@0)
                 	SBCI R31,HIGH(-@0)
                 	ST   Z+,R26
                 	ST   Z+,R27
                 	ST   Z+,R24
                 	ST   Z,R25
                 	.ENDM
                 
                 	.MACRO __PUTBSRX
                 	MOVW R30,R28
                 	SUBI R30,LOW(-@1)
                 	SBCI R31,HIGH(-@1)
                 	ST   Z,R@0
                 	.ENDM
                 
                 	.MACRO __PUTWSRX
                 	MOVW R30,R28
                 	SUBI R30,LOW(-@2)
                 	SBCI R31,HIGH(-@2)
                 	ST   Z+,R@0
                 	ST   Z,R@1
                 	.ENDM
                 
                 	.MACRO __PUTB1SNX
                 	MOVW R26,R28
                 	SUBI R26,LOW(-@0)
                 	SBCI R27,HIGH(-@0)
                 	LD   R0,X+
                 	LD   R27,X
                 	MOV  R26,R0
                 	SUBI R26,LOW(-@1)
                 	SBCI R27,HIGH(-@1)
                 	ST   X,R30
                 	.ENDM
                 
                 	.MACRO __PUTW1SNX
                 	MOVW R26,R28
                 	SUBI R26,LOW(-@0)
                 	SBCI R27,HIGH(-@0)
                 	LD   R0,X+
                 	LD   R27,X
                 	MOV  R26,R0
                 	SUBI R26,LOW(-@1)
                 	SBCI R27,HIGH(-@1)
                 	ST   X+,R30
                 	ST   X,R31
                 	.ENDM
                 
                 	.MACRO __PUTD1SNX
                 	MOVW R26,R28
                 	SUBI R26,LOW(-@0)
                 	SBCI R27,HIGH(-@0)
                 	LD   R0,X+
                 	LD   R27,X
                 	MOV  R26,R0
                 	SUBI R26,LOW(-@1)
                 	SBCI R27,HIGH(-@1)
                 	ST   X+,R30
                 	ST   X+,R31
                 	ST   X+,R22
                 	ST   X,R23
                 	.ENDM
                 
                 	.MACRO __MULBRR
                 	MULS R@0,R@1
                 	MOVW R30,R0
                 	.ENDM
                 
                 	.MACRO __MULBRRU
                 	MUL  R@0,R@1
                 	MOVW R30,R0
                 	.ENDM
                 
                 	.MACRO __MULBRR0
                 	MULS R@0,R@1
                 	.ENDM
                 
                 	.MACRO __MULBRRU0
                 	MUL  R@0,R@1
                 	.ENDM
                 
                 	.MACRO __MULBNWRU
                 	LDI  R26,@2
                 	MUL  R26,R@0
                 	MOVW R30,R0
                 	MUL  R26,R@1
                 	ADD  R31,R0
                 	.ENDM
                 
                 ;NAME DEFINITIONS FOR GLOBAL VARIABLES ALLOCATED TO REGISTERS
                 	.DEF _rx=R5
                 	.DEF _PORTAnumchar=R4
                 	.DEF __lcd_x=R7
                 	.DEF __lcd_y=R6
                 	.DEF __lcd_maxx=R9
                 
                 	.CSEG
                 	.ORG 0x00
                 
                 ;START OF CODE MARKER
                 __START_OF_CODE:
                 
                 ;INTERRUPT VECTORS
000000 940c 005b 	JMP  __RESET
000002 940c 0000 	JMP  0x00
000004 940c 0000 	JMP  0x00
000006 940c 0000 	JMP  0x00
000008 940c 0000 	JMP  0x00
00000a 940c 0000 	JMP  0x00
00000c 940c 0000 	JMP  0x00
00000e 940c 0000 	JMP  0x00
000010 940c 0000 	JMP  0x00
000012 940c 0000 	JMP  0x00
000014 940c 0000 	JMP  0x00
000016 940c 0000 	JMP  0x00
000018 940c 0000 	JMP  0x00
00001a 940c 0000 	JMP  0x00
00001c 940c 0000 	JMP  0x00
00001e 940c 0000 	JMP  0x00
000020 940c 0000 	JMP  0x00
000022 940c 0000 	JMP  0x00
000024 940c 0000 	JMP  0x00
000026 940c 0000 	JMP  0x00
000028 940c 0000 	JMP  0x00
00002a 940c 0000 	JMP  0x00
00002c 940c 0000 	JMP  0x00
00002e 940c 0000 	JMP  0x00
000030 940c 0000 	JMP  0x00
000032 940c 0000 	JMP  0x00
000034 940c 0000 	JMP  0x00
000036 940c 0000 	JMP  0x00
000038 940c 0000 	JMP  0x00
00003a 940c 0000 	JMP  0x00
00003c 940c 0000 	JMP  0x00
00003e 940c 0000 	JMP  0x00
000040 940c 0000 	JMP  0x00
000042 940c 0000 	JMP  0x00
000044 940c 0000 	JMP  0x00
                 
                 _tbl10_G101:
000046 2710
000047 03e8
000048 0064
000049 000a      	.DB  0x10,0x27,0xE8,0x3,0x64,0x0,0xA,0x0
00004a 0001      	.DB  0x1,0x0
                 _tbl16_G101:
00004b 1000
00004c 0100
00004d 0010
00004e 0001      	.DB  0x0,0x10,0x0,0x1,0x10,0x0,0x1,0x0
                 
                 _0x0:
00004f 614c
000050 706d
000051 4320
000052 6e6f      	.DB  0x4C,0x61,0x6D,0x70,0x20,0x43,0x6F,0x6E
000053 7274
000054 6c6f
D:\ELE_2018\CODE\Debug\List\serial.asm(1154): warning: .cseg .db misalignment - padding zero byte
000055 0000      	.DB  0x74,0x72,0x6F,0x6C,0x0
                 _0x2000003:
000056 c080      	.DB  0x80,0xC0
                 
                 __GLOBAL_INI_TBL:
000057 0002      	.DW  0x02
000058 0508      	.DW  __base_y_G100
000059 00ac      	.DW  _0x2000003*2
                 
                 _0xFFFFFFFF:
00005a 0000      	.DW  0
                 
                 #define __GLOBAL_INI_TBL_PRESENT 1
                 
                 __RESET:
00005b 94f8      	CLI
00005c 27ee      	CLR  R30
00005d bbec      	OUT  EECR,R30
                 
                 ;INTERRUPT VECTORS ARE PLACED
                 ;AT THE START OF FLASH
00005e e0f1      	LDI  R31,1
00005f bff5      	OUT  MCUCR,R31
000060 bfe5      	OUT  MCUCR,R30
000061 93e0 006c 	STS  XMCRB,R30
                 
                 ;CLEAR R2-R14
000063 e08d      	LDI  R24,(14-2)+1
000064 e0a2      	LDI  R26,2
000065 27bb      	CLR  R27
                 __CLEAR_REG:
000066 93ed      	ST   X+,R30
000067 958a      	DEC  R24
000068 f7e9      	BRNE __CLEAR_REG
                 
                 ;CLEAR SRAM
000069 e080      	LDI  R24,LOW(__CLEAR_SRAM_SIZE)
00006a e190      	LDI  R25,HIGH(__CLEAR_SRAM_SIZE)
00006b e0a0      	LDI  R26,LOW(__SRAM_START)
00006c e0b1      	LDI  R27,HIGH(__SRAM_START)
                 __CLEAR_SRAM:
00006d 93ed      	ST   X+,R30
00006e 9701      	SBIW R24,1
00006f f7e9      	BRNE __CLEAR_SRAM
                 
                 ;GLOBAL VARIABLES INITIALIZATION
000070 eaee      	LDI  R30,LOW(__GLOBAL_INI_TBL*2)
000071 e0f0      	LDI  R31,HIGH(__GLOBAL_INI_TBL*2)
                 __GLOBAL_INI_NEXT:
000072 9185      	LPM  R24,Z+
000073 9195      	LPM  R25,Z+
000074 9700      	SBIW R24,0
000075 f061      	BREQ __GLOBAL_INI_END
000076 91a5      	LPM  R26,Z+
000077 91b5      	LPM  R27,Z+
000078 9005      	LPM  R0,Z+
000079 9015      	LPM  R1,Z+
00007a 01bf      	MOVW R22,R30
00007b 01f0      	MOVW R30,R0
                 __GLOBAL_INI_LOOP:
00007c 9005      	LPM  R0,Z+
00007d 920d      	ST   X+,R0
00007e 9701      	SBIW R24,1
00007f f7e1      	BRNE __GLOBAL_INI_LOOP
000080 01fb      	MOVW R30,R22
000081 cff0      	RJMP __GLOBAL_INI_NEXT
                 __GLOBAL_INI_END:
                 
000082 bf8b      	OUT  RAMPZ,R24
                 
                 ;HARDWARE STACK POINTER INITIALIZATION
000083 efef      	LDI  R30,LOW(__SRAM_END-__HEAP_SIZE)
000084 bfed      	OUT  SPL,R30
000085 e1e0      	LDI  R30,HIGH(__SRAM_END-__HEAP_SIZE)
000086 bfee      	OUT  SPH,R30
                 
                 ;DATA STACK POINTER INITIALIZATION
000087 e0c0      	LDI  R28,LOW(__SRAM_START+__DSTACK_SIZE)
000088 e0d5      	LDI  R29,HIGH(__SRAM_START+__DSTACK_SIZE)
                 
000089 940c 00d0 	JMP  _main
                 
                 	.ESEG
                 	.ORG 0x00
                 
                 	.DSEG
                 	.ORG 0x500
                 
                 	.CSEG
                 ;/*
                 ; * serial3.c
                 ; *
                 ; * Created: 2018-09-13 ¿ÀÀü 10:21:24
                 ; * Author: Administrator
                 ; */
                 ;unsigned char rx;
                 ;#include <mega128.h>
                 	#ifndef __SLEEP_DEFINED__
                 	#define __SLEEP_DEFINED__
                 	.EQU __se_bit=0x20
                 	.EQU __sm_mask=0x1C
                 	.EQU __sm_powerdown=0x10
                 	.EQU __sm_powersave=0x18
                 	.EQU __sm_standby=0x14
                 	.EQU __sm_ext_standby=0x1C
                 	.EQU __sm_adc_noise_red=0x08
                 	.SET power_ctrl_reg=mcucr
                 	#endif
                 ;#include <delay.h>
                 ;#include <lcd.h>
                 ;#asm
                     .equ __lcd_port = 0x12
                 ; 0000 000D #endasm
                 ;unsigned char PORTAnum[8] , PORTAnumchar;
                 ;char Getch(void) {
                 ; 0000 000F char Getch(void) {
                 
                 	.CSEG
                 _Getch:
                 ; .FSTART _Getch
                 ; 0000 0010     while(!(UCSR0A & 0x80));
                 _0x3:
00008b 9b5f      	SBIS 0xB,7
00008c cffe      	RJMP _0x3
                 ; 0000 0011     rx = UDR0;
00008d b05c      	IN   R5,12
                 ; 0000 0012     return UDR0;
00008e b1ec      	IN   R30,0xC
00008f 9508      	RET
                 ; 0000 0013 }
                 ; .FEND
                 ;void PORTAnumadder(void) {
                 ; 0000 0014 void PORTAnumadder(void) {
                 _PORTAnumadder:
                 ; .FSTART _PORTAnumadder
                 ; 0000 0015     unsigned char i = 0;
                 ; 0000 0016     PORTAnumchar = 0;
000090 931a      	ST   -Y,R17
                 ;	i -> R17
000091 e010      	LDI  R17,0
000092 2444      	CLR  R4
                 ; 0000 0017     for(i = 0; i < 8; i++) {
000093 e010      	LDI  R17,LOW(0)
                 _0x7:
000094 3018      	CPI  R17,8
000095 f5c0      	BRSH _0x8
                 ; 0000 0018         if(PORTAnum[i] == 1) {
000096 d1b1      	RCALL SUBOPT_0x0
000097 81a0      	LD   R26,Z
000098 30a1      	CPI  R26,LOW(0x1)
000099 f591      	BRNE _0x9
                 ; 0000 0019             switch(i) {
00009a 2fe1      	MOV  R30,R17
00009b e0f0      	LDI  R31,0
                 ; 0000 001A                 case 0: PORTAnumchar = 1; break;
00009c 9730      	SBIW R30,0
00009d f419      	BRNE _0xD
00009e e0e1      	LDI  R30,LOW(1)
00009f 2e4e      	MOV  R4,R30
0000a0 c02b      	RJMP _0xC
                 ; 0000 001B                 case 1: PORTAnumchar += 2; break;
                 _0xD:
0000a1 30e1      	CPI  R30,LOW(0x1)
0000a2 e0a0      	LDI  R26,HIGH(0x1)
0000a3 07fa      	CPC  R31,R26
0000a4 f419      	BRNE _0xE
0000a5 9443      	INC  R4
0000a6 9443      	INC  R4
0000a7 c024      	RJMP _0xC
                 ; 0000 001C                 case 2: PORTAnumchar += 4; break;
                 _0xE:
0000a8 30e2      	CPI  R30,LOW(0x2)
0000a9 e0a0      	LDI  R26,HIGH(0x2)
0000aa 07fa      	CPC  R31,R26
0000ab f411      	BRNE _0xF
0000ac e0e4      	LDI  R30,LOW(4)
0000ad c01d      	RJMP _0x33
                 ; 0000 001D                 case 3: PORTAnumchar += 8; break;
                 _0xF:
0000ae 30e3      	CPI  R30,LOW(0x3)
0000af e0a0      	LDI  R26,HIGH(0x3)
0000b0 07fa      	CPC  R31,R26
0000b1 f411      	BRNE _0x10
0000b2 e0e8      	LDI  R30,LOW(8)
0000b3 c017      	RJMP _0x33
                 ; 0000 001E                 case 4: PORTAnumchar += 16; break;
                 _0x10:
0000b4 30e4      	CPI  R30,LOW(0x4)
0000b5 e0a0      	LDI  R26,HIGH(0x4)
0000b6 07fa      	CPC  R31,R26
0000b7 f411      	BRNE _0x11
0000b8 e1e0      	LDI  R30,LOW(16)
0000b9 c011      	RJMP _0x33
                 ; 0000 001F                 case 5: PORTAnumchar += 32; break;
                 _0x11:
0000ba 30e5      	CPI  R30,LOW(0x5)
0000bb e0a0      	LDI  R26,HIGH(0x5)
0000bc 07fa      	CPC  R31,R26
0000bd f411      	BRNE _0x12
0000be e2e0      	LDI  R30,LOW(32)
0000bf c00b      	RJMP _0x33
                 ; 0000 0020                 case 6: PORTAnumchar += 64; break;
                 _0x12:
0000c0 30e6      	CPI  R30,LOW(0x6)
0000c1 e0a0      	LDI  R26,HIGH(0x6)
0000c2 07fa      	CPC  R31,R26
0000c3 f411      	BRNE _0x13
0000c4 e4e0      	LDI  R30,LOW(64)
0000c5 c005      	RJMP _0x33
                 ; 0000 0021                 case 7: PORTAnumchar += 128; break;
                 _0x13:
0000c6 30e7      	CPI  R30,LOW(0x7)
0000c7 e0a0      	LDI  R26,HIGH(0x7)
0000c8 07fa      	CPC  R31,R26
0000c9 f411      	BRNE _0xC
0000ca e8e0      	LDI  R30,LOW(128)
                 _0x33:
0000cb 0e4e      	ADD  R4,R30
                 ; 0000 0022             }
                 _0xC:
                 ; 0000 0023         }
                 ; 0000 0024     }
                 _0x9:
0000cc 5f1f      	SUBI R17,-1
0000cd cfc6      	RJMP _0x7
                 _0x8:
                 ; 0000 0025 }
0000ce 9119      	LD   R17,Y+
0000cf 9508      	RET
                 ; .FEND
                 ;void main(void) {
                 ; 0000 0026 void main(void) {
                 _main:
                 ; .FSTART _main
                 ; 0000 0027     unsigned char i;
                 ; 0000 0028     DDRA = 0xff;
                 ;	i -> R17
0000d0 efef      	LDI  R30,LOW(255)
0000d1 bbea      	OUT  0x1A,R30
                 ; 0000 0029     DDRB = 0xff;
0000d2 bbe7      	OUT  0x17,R30
                 ; 0000 002A     DDRD = 0xff;
0000d3 bbe1      	OUT  0x11,R30
                 ; 0000 002B     lcd_init(16);
0000d4 e1a0      	LDI  R26,LOW(16)
0000d5 d140      	RCALL _lcd_init
                 ; 0000 002C     UCSR0A = 0x00;
0000d6 e0e0      	LDI  R30,LOW(0)
0000d7 b9eb      	OUT  0xB,R30
                 ; 0000 002D     UCSR0B = 0x18;
0000d8 e1e8      	LDI  R30,LOW(24)
0000d9 b9ea      	OUT  0xA,R30
                 ; 0000 002E     UCSR0C = 0x06;
0000da e0e6      	LDI  R30,LOW(6)
0000db 93e0 0095 	STS  149,R30
                 ; 0000 002F     UBRR0H = 0;
0000dd e0e0      	LDI  R30,LOW(0)
0000de 93e0 0090 	STS  144,R30
                 ; 0000 0030     UBRR0L = 51;
0000e0 e3e3      	LDI  R30,LOW(51)
0000e1 b9e9      	OUT  0x9,R30
                 ; 0000 0031     SREG = 0x80;
0000e2 e8e0      	LDI  R30,LOW(128)
0000e3 bfef      	OUT  0x3F,R30
                 ; 0000 0032     lcd_clear();
0000e4 d0e8      	RCALL _lcd_clear
                 ; 0000 0033     while (1) {
                 _0x15:
                 ; 0000 0034         Getch();
0000e5 dfa5      	RCALL _Getch
                 ; 0000 0035         switch(rx) {
0000e6 2de5      	MOV  R30,R5
0000e7 e0f0      	LDI  R31,0
                 ; 0000 0036             case 65: PORTAnum[0] = 1; break;
0000e8 34e1      	CPI  R30,LOW(0x41)
0000e9 e0a0      	LDI  R26,HIGH(0x41)
0000ea 07fa      	CPC  R31,R26
0000eb f421      	BRNE _0x1B
0000ec e0e1      	LDI  R30,LOW(1)
0000ed 93e0 0500 	STS  _PORTAnum,R30
0000ef c037      	RJMP _0x1A
                 ; 0000 0037             case 66: PORTAnum[1] = 1; break;
                 _0x1B:
0000f0 34e2      	CPI  R30,LOW(0x42)
0000f1 e0a0      	LDI  R26,HIGH(0x42)
0000f2 07fa      	CPC  R31,R26
0000f3 f421      	BRNE _0x1C
0000f4 e0e1      	LDI  R30,LOW(1)
                +
0000f5 93e0 0501+STS _PORTAnum + ( 1 ) , R30
                 	__PUTB1MN _PORTAnum,1
0000f7 c02f      	RJMP _0x1A
                 ; 0000 0038             case 67: PORTAnum[2] = 1; break;
                 _0x1C:
0000f8 34e3      	CPI  R30,LOW(0x43)
0000f9 e0a0      	LDI  R26,HIGH(0x43)
0000fa 07fa      	CPC  R31,R26
0000fb f421      	BRNE _0x1D
0000fc e0e1      	LDI  R30,LOW(1)
                +
0000fd 93e0 0502+STS _PORTAnum + ( 2 ) , R30
                 	__PUTB1MN _PORTAnum,2
0000ff c027      	RJMP _0x1A
                 ; 0000 0039             case 68: PORTAnum[3] = 1; break;
                 _0x1D:
000100 34e4      	CPI  R30,LOW(0x44)
000101 e0a0      	LDI  R26,HIGH(0x44)
000102 07fa      	CPC  R31,R26
000103 f421      	BRNE _0x1E
000104 e0e1      	LDI  R30,LOW(1)
                +
000105 93e0 0503+STS _PORTAnum + ( 3 ) , R30
                 	__PUTB1MN _PORTAnum,3
000107 c01f      	RJMP _0x1A
                 ; 0000 003A             case 69: PORTAnum[4] = 1; break;
                 _0x1E:
000108 34e5      	CPI  R30,LOW(0x45)
000109 e0a0      	LDI  R26,HIGH(0x45)
00010a 07fa      	CPC  R31,R26
00010b f421      	BRNE _0x1F
00010c e0e1      	LDI  R30,LOW(1)
                +
00010d 93e0 0504+STS _PORTAnum + ( 4 ) , R30
                 	__PUTB1MN _PORTAnum,4
00010f c017      	RJMP _0x1A
                 ; 0000 003B             case 70: PORTAnum[5] = 1; break;
                 _0x1F:
000110 34e6      	CPI  R30,LOW(0x46)
000111 e0a0      	LDI  R26,HIGH(0x46)
000112 07fa      	CPC  R31,R26
000113 f421      	BRNE _0x20
000114 e0e1      	LDI  R30,LOW(1)
                +
000115 93e0 0505+STS _PORTAnum + ( 5 ) , R30
                 	__PUTB1MN _PORTAnum,5
000117 c00f      	RJMP _0x1A
                 ; 0000 003C             case 71: PORTAnum[6] = 1; break;
                 _0x20:
000118 34e7      	CPI  R30,LOW(0x47)
000119 e0a0      	LDI  R26,HIGH(0x47)
00011a 07fa      	CPC  R31,R26
00011b f421      	BRNE _0x21
00011c e0e1      	LDI  R30,LOW(1)
                +
00011d 93e0 0506+STS _PORTAnum + ( 6 ) , R30
                 	__PUTB1MN _PORTAnum,6
00011f c007      	RJMP _0x1A
                 ; 0000 003D             case 72: PORTAnum[7] = 1; break;
                 _0x21:
000120 34e8      	CPI  R30,LOW(0x48)
000121 e0a0      	LDI  R26,HIGH(0x48)
000122 07fa      	CPC  R31,R26
000123 f419      	BRNE _0x1A
000124 e0e1      	LDI  R30,LOW(1)
                +
000125 93e0 0507+STS _PORTAnum + ( 7 ) , R30
                 	__PUTB1MN _PORTAnum,7
                 ; 0000 003E         }
                 _0x1A:
                 ; 0000 003F         switch(rx) {
000127 2de5      	MOV  R30,R5
000128 e0f0      	LDI  R31,0
                 ; 0000 0040             case 97: PORTAnum[0] = 0; break;
000129 36e1      	CPI  R30,LOW(0x61)
00012a e0a0      	LDI  R26,HIGH(0x61)
00012b 07fa      	CPC  R31,R26
00012c f421      	BRNE _0x26
00012d e0e0      	LDI  R30,LOW(0)
00012e 93e0 0500 	STS  _PORTAnum,R30
000130 c037      	RJMP _0x25
                 ; 0000 0041             case 98: PORTAnum[1] = 0; break;
                 _0x26:
000131 36e2      	CPI  R30,LOW(0x62)
000132 e0a0      	LDI  R26,HIGH(0x62)
000133 07fa      	CPC  R31,R26
000134 f421      	BRNE _0x27
000135 e0e0      	LDI  R30,LOW(0)
                +
000136 93e0 0501+STS _PORTAnum + ( 1 ) , R30
                 	__PUTB1MN _PORTAnum,1
000138 c02f      	RJMP _0x25
                 ; 0000 0042             case 99: PORTAnum[2] = 0; break;
                 _0x27:
000139 36e3      	CPI  R30,LOW(0x63)
00013a e0a0      	LDI  R26,HIGH(0x63)
00013b 07fa      	CPC  R31,R26
00013c f421      	BRNE _0x28
00013d e0e0      	LDI  R30,LOW(0)
                +
00013e 93e0 0502+STS _PORTAnum + ( 2 ) , R30
                 	__PUTB1MN _PORTAnum,2
000140 c027      	RJMP _0x25
                 ; 0000 0043             case 100: PORTAnum[3] = 0; break;
                 _0x28:
000141 36e4      	CPI  R30,LOW(0x64)
000142 e0a0      	LDI  R26,HIGH(0x64)
000143 07fa      	CPC  R31,R26
000144 f421      	BRNE _0x29
000145 e0e0      	LDI  R30,LOW(0)
                +
000146 93e0 0503+STS _PORTAnum + ( 3 ) , R30
                 	__PUTB1MN _PORTAnum,3
000148 c01f      	RJMP _0x25
                 ; 0000 0044             case 101: PORTAnum[4] = 0; break;
                 _0x29:
000149 36e5      	CPI  R30,LOW(0x65)
00014a e0a0      	LDI  R26,HIGH(0x65)
00014b 07fa      	CPC  R31,R26
00014c f421      	BRNE _0x2A
00014d e0e0      	LDI  R30,LOW(0)
                +
00014e 93e0 0504+STS _PORTAnum + ( 4 ) , R30
                 	__PUTB1MN _PORTAnum,4
000150 c017      	RJMP _0x25
                 ; 0000 0045             case 102: PORTAnum[5] = 0; break;
                 _0x2A:
000151 36e6      	CPI  R30,LOW(0x66)
000152 e0a0      	LDI  R26,HIGH(0x66)
000153 07fa      	CPC  R31,R26
000154 f421      	BRNE _0x2B
000155 e0e0      	LDI  R30,LOW(0)
                +
000156 93e0 0505+STS _PORTAnum + ( 5 ) , R30
                 	__PUTB1MN _PORTAnum,5
000158 c00f      	RJMP _0x25
                 ; 0000 0046             case 103: PORTAnum[6] = 0; break;
                 _0x2B:
000159 36e7      	CPI  R30,LOW(0x67)
00015a e0a0      	LDI  R26,HIGH(0x67)
00015b 07fa      	CPC  R31,R26
00015c f421      	BRNE _0x2C
00015d e0e0      	LDI  R30,LOW(0)
                +
00015e 93e0 0506+STS _PORTAnum + ( 6 ) , R30
                 	__PUTB1MN _PORTAnum,6
000160 c007      	RJMP _0x25
                 ; 0000 0047             case 104: PORTAnum[7] = 0; break;
                 _0x2C:
000161 36e8      	CPI  R30,LOW(0x68)
000162 e0a0      	LDI  R26,HIGH(0x68)
000163 07fa      	CPC  R31,R26
000164 f419      	BRNE _0x25
000165 e0e0      	LDI  R30,LOW(0)
                +
000166 93e0 0507+STS _PORTAnum + ( 7 ) , R30
                 	__PUTB1MN _PORTAnum,7
                 ; 0000 0048         }
                 _0x25:
                 ; 0000 0049         PORTAnumadder();
000168 df27      	RCALL _PORTAnumadder
                 ; 0000 004A         lcd_clear();
000169 d063      	RCALL _lcd_clear
                 ; 0000 004B         lcd_gotoxy(2,0);
00016a e0e2      	LDI  R30,LOW(2)
00016b 93ea      	ST   -Y,R30
00016c e0a0      	LDI  R26,LOW(0)
00016d d051      	RCALL _lcd_gotoxy
                 ; 0000 004C         lcd_putsf("Lamp Control");
                +
00016e e9ae     +LDI R26 , LOW ( 2 * _0x0 + ( 0 ) )
00016f e0b0     +LDI R27 , HIGH ( 2 * _0x0 + ( 0 ) )
                 	__POINTW2FN _0x0,0
000170 d082      	RCALL _lcd_putsf
                 ; 0000 004D         lcd_gotoxy(0,1);
000171 e0e0      	LDI  R30,LOW(0)
000172 93ea      	ST   -Y,R30
000173 e0a1      	LDI  R26,LOW(1)
000174 d04a      	RCALL _lcd_gotoxy
                 ; 0000 004E         for(i = 0; i < 8; i++) {
000175 e010      	LDI  R17,LOW(0)
                 _0x2F:
000176 3018      	CPI  R17,8
000177 f450      	BRSH _0x30
                 ; 0000 004F             if(PORTAnum[i] != 0) {
000178 d0cf      	RCALL SUBOPT_0x0
000179 81e0      	LD   R30,Z
00017a 30e0      	CPI  R30,0
00017b f019      	BREQ _0x31
                 ; 0000 0050                 lcd_putchar(i + '0');
00017c 2fa1      	MOV  R26,R17
00017d 5da0      	SUBI R26,-LOW(48)
00017e d05b      	RCALL _lcd_putchar
                 ; 0000 0051             }
                 ; 0000 0052             PORTA = PORTAnumchar;
                 _0x31:
00017f ba4b      	OUT  0x1B,R4
                 ; 0000 0053         }
000180 5f1f      	SUBI R17,-1
000181 cff4      	RJMP _0x2F
                 _0x30:
                 ; 0000 0054     }
000182 cf62      	RJMP _0x15
                 ; 0000 0055 }
                 _0x32:
000183 cfff      	RJMP _0x32
                 ; .FEND
                 	#ifndef __SLEEP_DEFINED__
                 	#endif
                     .equ __lcd_direction=__lcd_port-1
                     .equ __lcd_pin=__lcd_port-2
                     .equ __lcd_rs=0
                     .equ __lcd_rd=1
                     .equ __lcd_enable=2
                     .equ __lcd_busy_flag=7
                 
                 	.DSEG
                 
                 	.CSEG
                 __lcd_delay_G100:
                 ; .FSTART __lcd_delay_G100
000184 e0ff          ldi   r31,15
                 __lcd_delay0:
000185 95fa          dec   r31
000186 f7f1          brne  __lcd_delay0
000187 9508      	RET
                 ; .FEND
                 __lcd_ready:
                 ; .FSTART __lcd_ready
000188 b3a1          in    r26,__lcd_direction
000189 70af          andi  r26,0xf                 ;set as input
00018a bba1          out   __lcd_direction,r26
00018b 9a91          sbi   __lcd_port,__lcd_rd     ;RD=1
00018c 9890          cbi   __lcd_port,__lcd_rs     ;RS=0
                 __lcd_busy:
00018d dff6      	RCALL __lcd_delay_G100
00018e 9a92          sbi   __lcd_port,__lcd_enable ;EN=1
00018f dff4      	RCALL __lcd_delay_G100
000190 b3a0          in    r26,__lcd_pin
000191 9892          cbi   __lcd_port,__lcd_enable ;EN=0
000192 dff1      	RCALL __lcd_delay_G100
000193 9a92          sbi   __lcd_port,__lcd_enable ;EN=1
000194 dfef      	RCALL __lcd_delay_G100
000195 9892          cbi   __lcd_port,__lcd_enable ;EN=0
000196 fda7          sbrc  r26,__lcd_busy_flag
000197 cff5          rjmp  __lcd_busy
000198 9508      	RET
                 ; .FEND
                 __lcd_write_nibble_G100:
                 ; .FSTART __lcd_write_nibble_G100
000199 7fa0          andi  r26,0xf0
00019a 2bab          or    r26,r27
00019b bba2          out   __lcd_port,r26          ;write
00019c 9a92          sbi   __lcd_port,__lcd_enable ;EN=1
00019d dfe6      	RCALL __lcd_delay_G100
00019e 9892          cbi   __lcd_port,__lcd_enable ;EN=0
00019f dfe4      	RCALL __lcd_delay_G100
0001a0 9508      	RET
                 ; .FEND
                 __lcd_write_data:
                 ; .FSTART __lcd_write_data
0001a1 93aa      	ST   -Y,R26
0001a2 9891          cbi  __lcd_port,__lcd_rd 	  ;RD=0
0001a3 b3a1          in    r26,__lcd_direction
0001a4 6fa7          ori   r26,0xf0 | (1<<__lcd_rs) | (1<<__lcd_rd) | (1<<__lcd_enable) ;set as output
0001a5 bba1          out   __lcd_direction,r26
0001a6 b3b2          in    r27,__lcd_port
0001a7 70bf          andi  r27,0xf
0001a8 81a8          ld    r26,y
0001a9 dfef      	RCALL __lcd_write_nibble_G100
0001aa 81a8          ld    r26,y
0001ab 95a2          swap  r26
0001ac dfec      	RCALL __lcd_write_nibble_G100
0001ad 9a91          sbi   __lcd_port,__lcd_rd     ;RD=1
0001ae 940c 0246 	JMP  _0x2080001
                 ; .FEND
                 __lcd_read_nibble_G100:
                 ; .FSTART __lcd_read_nibble_G100
0001b0 9a92          sbi   __lcd_port,__lcd_enable ;EN=1
0001b1 dfd2      	RCALL __lcd_delay_G100
0001b2 b3e0          in    r30,__lcd_pin           ;read
0001b3 9892          cbi   __lcd_port,__lcd_enable ;EN=0
0001b4 dfcf      	RCALL __lcd_delay_G100
0001b5 7fe0          andi  r30,0xf0
0001b6 9508      	RET
                 ; .FEND
                 _lcd_read_byte0_G100:
                 ; .FSTART _lcd_read_byte0_G100
0001b7 dfcc      	RCALL __lcd_delay_G100
0001b8 dff7      	RCALL __lcd_read_nibble_G100
0001b9 2fae          mov   r26,r30
0001ba dff5      	RCALL __lcd_read_nibble_G100
0001bb 9891          cbi   __lcd_port,__lcd_rd     ;RD=0
0001bc 95e2          swap  r30
0001bd 2bea          or    r30,r26
0001be 9508      	RET
                 ; .FEND
                 _lcd_gotoxy:
                 ; .FSTART _lcd_gotoxy
0001bf 93aa      	ST   -Y,R26
0001c0 dfc7      	RCALL __lcd_ready
0001c1 81e8      	LD   R30,Y
0001c2 e0f0      	LDI  R31,0
0001c3 5fe8      	SUBI R30,LOW(-__base_y_G100)
0001c4 4ffa      	SBCI R31,HIGH(-__base_y_G100)
0001c5 81e0      	LD   R30,Z
0001c6 81a9      	LDD  R26,Y+1
0001c7 0fae      	ADD  R26,R30
0001c8 dfd8      	RCALL __lcd_write_data
0001c9 8079      	LDD  R7,Y+1
0001ca 8068      	LDD  R6,Y+0
0001cb 9622      	ADIW R28,2
0001cc 9508      	RET
                 ; .FEND
                 _lcd_clear:
                 ; .FSTART _lcd_clear
0001cd dfba      	RCALL __lcd_ready
0001ce e0a2      	LDI  R26,LOW(2)
0001cf dfd1      	RCALL __lcd_write_data
0001d0 dfb7      	RCALL __lcd_ready
0001d1 e0ac      	LDI  R26,LOW(12)
0001d2 dfce      	RCALL __lcd_write_data
0001d3 dfb4      	RCALL __lcd_ready
0001d4 e0a1      	LDI  R26,LOW(1)
0001d5 dfcb      	RCALL __lcd_write_data
0001d6 e0e0      	LDI  R30,LOW(0)
0001d7 2e6e      	MOV  R6,R30
0001d8 2e7e      	MOV  R7,R30
0001d9 9508      	RET
                 ; .FEND
                 _lcd_putchar:
                 ; .FSTART _lcd_putchar
0001da 93aa      	ST   -Y,R26
0001db 93ef          push r30
0001dc 93ff          push r31
0001dd 81a8          ld   r26,y
0001de 9468          set
0001df 30aa          cpi  r26,10
0001e0 f019          breq __lcd_putchar1
0001e1 94e8          clt
0001e2 1479      	CP   R7,R9
0001e3 f030      	BRLO _0x2000004
                 	__lcd_putchar1:
0001e4 9463      	INC  R6
0001e5 e0e0      	LDI  R30,LOW(0)
0001e6 93ea      	ST   -Y,R30
0001e7 2da6      	MOV  R26,R6
0001e8 dfd6      	RCALL _lcd_gotoxy
0001e9 f02e      	brts __lcd_putchar0
                 _0x2000004:
0001ea 9473      	INC  R7
0001eb df9c          rcall __lcd_ready
0001ec 9a90          sbi  __lcd_port,__lcd_rs ;RS=1
0001ed 81a8      	LD   R26,Y
0001ee dfb2      	RCALL __lcd_write_data
                 __lcd_putchar0:
0001ef 91ff          pop  r31
0001f0 91ef          pop  r30
0001f1 940c 0246 	JMP  _0x2080001
                 ; .FEND
                 _lcd_putsf:
                 ; .FSTART _lcd_putsf
0001f3 93ba      	ST   -Y,R27
0001f4 93aa      	ST   -Y,R26
0001f5 931a      	ST   -Y,R17
                 _0x2000008:
0001f6 81e9      	LDD  R30,Y+1
0001f7 81fa      	LDD  R31,Y+1+1
0001f8 9631      	ADIW R30,1
0001f9 83e9      	STD  Y+1,R30
0001fa 83fa      	STD  Y+1+1,R31
0001fb 9731      	SBIW R30,1
0001fc 91e4      	LPM  R30,Z
0001fd 2f1e      	MOV  R17,R30
0001fe 30e0      	CPI  R30,0
0001ff f019      	BREQ _0x200000A
000200 2fa1      	MOV  R26,R17
000201 dfd8      	RCALL _lcd_putchar
000202 cff3      	RJMP _0x2000008
                 _0x200000A:
000203 8118      	LDD  R17,Y+0
000204 9623      	ADIW R28,3
000205 9508      	RET
                 ; .FEND
                 __long_delay_G100:
                 ; .FSTART __long_delay_G100
000206 27aa          clr   r26
000207 27bb          clr   r27
                 __long_delay0:
000208 9711          sbiw  r26,1         ;2 cycles
000209 f7f1          brne  __long_delay0 ;2 cycles
00020a 9508      	RET
                 ; .FEND
                 __lcd_init_write_G100:
                 ; .FSTART __lcd_init_write_G100
00020b 93aa      	ST   -Y,R26
00020c 9891          cbi  __lcd_port,__lcd_rd 	  ;RD=0
00020d b3a1          in    r26,__lcd_direction
00020e 6fa7          ori   r26,0xf7                ;set as output
00020f bba1          out   __lcd_direction,r26
000210 b3b2          in    r27,__lcd_port
000211 70bf          andi  r27,0xf
000212 81a8          ld    r26,y
000213 df85      	RCALL __lcd_write_nibble_G100
000214 9a91          sbi   __lcd_port,__lcd_rd     ;RD=1
000215 c030      	RJMP _0x2080001
                 ; .FEND
                 _lcd_init:
                 ; .FSTART _lcd_init
000216 93aa      	ST   -Y,R26
000217 9892          cbi   __lcd_port,__lcd_enable ;EN=0
000218 9890          cbi   __lcd_port,__lcd_rs     ;RS=0
000219 8098      	LDD  R9,Y+0
00021a 81e8      	LD   R30,Y
00021b 58e0      	SUBI R30,-LOW(128)
                +
00021c 93e0 050a+STS __base_y_G100 + ( 2 ) , R30
                 	__PUTB1MN __base_y_G100,2
00021e 81e8      	LD   R30,Y
00021f 54e0      	SUBI R30,-LOW(192)
                +
000220 93e0 050b+STS __base_y_G100 + ( 3 ) , R30
                 	__PUTB1MN __base_y_G100,3
000222 dfe3      	RCALL __long_delay_G100
000223 e3a0      	LDI  R26,LOW(48)
000224 dfe6      	RCALL __lcd_init_write_G100
000225 dfe0      	RCALL __long_delay_G100
000226 e3a0      	LDI  R26,LOW(48)
000227 dfe3      	RCALL __lcd_init_write_G100
000228 dfdd      	RCALL __long_delay_G100
000229 e3a0      	LDI  R26,LOW(48)
00022a dfe0      	RCALL __lcd_init_write_G100
00022b dfda      	RCALL __long_delay_G100
00022c e2a0      	LDI  R26,LOW(32)
00022d dfdd      	RCALL __lcd_init_write_G100
00022e dfd7      	RCALL __long_delay_G100
00022f e2a8      	LDI  R26,LOW(40)
000230 df70      	RCALL __lcd_write_data
000231 dfd4      	RCALL __long_delay_G100
000232 e0a4      	LDI  R26,LOW(4)
000233 df6d      	RCALL __lcd_write_data
000234 dfd1      	RCALL __long_delay_G100
000235 e8a5      	LDI  R26,LOW(133)
000236 df6a      	RCALL __lcd_write_data
000237 dfce      	RCALL __long_delay_G100
000238 b3a1          in    r26,__lcd_direction
000239 70af          andi  r26,0xf                 ;set as input
00023a bba1          out   __lcd_direction,r26
00023b 9a91          sbi   __lcd_port,__lcd_rd     ;RD=1
00023c df7a      	RCALL _lcd_read_byte0_G100
00023d 30e5      	CPI  R30,LOW(0x5)
00023e f011      	BREQ _0x200000B
00023f e0e0      	LDI  R30,LOW(0)
000240 c005      	RJMP _0x2080001
                 _0x200000B:
000241 df46      	RCALL __lcd_ready
000242 e0a6      	LDI  R26,LOW(6)
000243 df5d      	RCALL __lcd_write_data
000244 df88      	RCALL _lcd_clear
000245 e0e1      	LDI  R30,LOW(1)
                 _0x2080001:
000246 9621      	ADIW R28,1
000247 9508      	RET
                 ; .FEND
                 	#ifndef __SLEEP_DEFINED__
                 	#endif
                 
                 	.CSEG
                 
                 	.CSEG
                 
                 	.CSEG
                 
                 	.DSEG
                 _PORTAnum:
000500           	.BYTE 0x8
                 __base_y_G100:
000508           	.BYTE 0x4
                 
                 	.CSEG
                 ;OPTIMIZER ADDED SUBROUTINE, CALLED 2 TIMES, CODE SIZE REDUCTION:1 WORDS
                 SUBOPT_0x0:
000248 2fe1      	MOV  R30,R17
000249 e0f0      	LDI  R31,0
00024a 50e0      	SUBI R30,LOW(-_PORTAnum)
00024b 4ffb      	SBCI R31,HIGH(-_PORTAnum)
00024c 9508      	RET
                 
                 ;RUNTIME LIBRARY
                 
                 	.CSEG
                 ;END OF CODE MARKER
                 __END_OF_CODE:


RESOURCE USE INFORMATION
------------------------

Notice:
The register and instruction counts are symbol table hit counts,
and hence implicitly used resources are not counted, eg, the
'lpm' instruction without operands implicitly uses r0 and z,
none of which are counted.

x,y,z are separate entities in the symbol table and are
counted separately from r26..r31 here.

.dseg memory usage only counts static data declared with .byte

ATmega128 register use summary:
r0 :   4 r1 :   1 r2 :   0 r3 :   0 r4 :   6 r5 :   3 r6 :   4 r7 :   4 
r8 :   0 r9 :   2 r10:   0 r11:   0 r12:   0 r13:   0 r14:   0 r15:   0 
r16:   0 r17:  16 r18:   0 r19:   0 r20:   0 r21:   0 r22:   2 r23:   0 
r24:   8 r25:   2 r26: 106 r27:  11 r28:   4 r29:   1 r30: 139 r31:  39 
x  :   3 y  :  30 z  :  11 
Registers used: 20 out of 35 (57.1%)

ATmega128 instruction use summary:
.lds  :   0 .lds.l:   0 .sts  :   0 .sts.l:   0 adc   :   0 add   :   2 
adiw  :   4 and   :   0 andi  :   6 asr   :   0 bclr  :   0 bld   :   0 
brbc  :   0 brbs  :   0 brcc  :   0 brcs  :   0 break :   0 breq  :   5 
brge  :   0 brhc  :   0 brhs  :   0 brid  :   0 brie  :   0 brlo  :   1 
brlt  :   0 brmi  :   0 brne  :  30 brpl  :   0 brsh  :   2 brtc  :   0 
brts  :   1 brvc  :   0 brvs  :   0 bset  :   0 bst   :   0 call  :   0 
cbi   :  10 cbr   :   0 clc   :   0 clh   :   0 cli   :   1 cln   :   0 
clr   :   5 cls   :   0 clt   :   1 clv   :   0 clz   :   0 com   :   0 
cp    :   1 cpc   :  23 cpi   :  30 cpse  :   0 dec   :   2 des   :   0 
elpm  :   0 eor   :   0 fmul  :   0 fmuls :   0 fmulsu:   0 icall :   0 
ijmp  :   0 in    :  10 inc   :   4 jmp   :  38 ld    :  12 ldd   :   7 
ldi   :  97 lds   :   0 lpm   :   9 lsl   :   0 lsr   :   0 mov   :  12 
movw  :   3 mul   :   0 muls  :   0 mulsu :   0 neg   :   0 nop   :   0 
or    :   2 ori   :   2 out   :  19 pop   :   2 push  :   2 rcall :  56 
ret   :  13 reti  :   0 rjmp  :  31 rol   :   0 ror   :   0 sbc   :   0 
sbci  :   2 sbi   :   9 sbic  :   0 sbis  :   1 sbiw  :   6 sbr   :   0 
sbrc  :   1 sbrs  :   0 sec   :   0 seh   :   0 sei   :   0 sen   :   0 
ser   :   0 ses   :   0 set   :   1 sev   :   0 sez   :   0 sleep :   0 
spm   :   0 st    :  15 std   :   2 sts   :  21 sub   :   0 subi  :   7 
swap  :   2 tst   :   0 wdr   :   0 
Instructions used: 44 out of 117 (37.6%)

ATmega128 memory use summary [bytes]:
Segment   Begin    End      Code   Data   Used    Size   Use%
---------------------------------------------------------------
[.cseg] 0x000000 0x00049a   1136     42   1178  131072   0.9%
[.dseg] 0x000100 0x00050c      0     12     12    4096   0.3%
[.eseg] 0x000000 0x000000      0      0      0    4096   0.0%

Assembly complete, 0 errors, 6 warnings
